[2019-06-13 14:22:41] UTN FRA LOGGER.INFO: ::1 [] {"uid":"ecfba35"}
[2019-06-13 14:23:14] UTN FRA LOGGER.INFO: ip :::1 [] {"uid":"f1af206"}
[2019-06-13 14:31:21] UTN FRA LOGGER.INFO: info  =Mozilla/5.0 (X11; Linux x86_64) AppleWebKit/537.36 (KHTML, like Gecko) Chrome/73.0.3683.86 Safari/537.36 [] {"uid":"2676799"}
[2019-06-13 14:31:21] UTN FRA LOGGER.INFO: ip =::1 [] {"uid":"2676799"}
[2019-06-13 14:33:01] UTN FRA LOGGER.INFO: info  =PostmanRuntime/7.1.1 [] {"uid":"1c0e970"}
[2019-06-13 14:33:01] UTN FRA LOGGER.INFO: ip =::1 [] {"uid":"1c0e970"}
[2019-06-13 14:33:04] UTN FRA LOGGER.INFO: info  =PostmanRuntime/7.1.1 [] {"uid":"e0a490b"}
[2019-06-13 14:33:04] UTN FRA LOGGER.INFO: ip =::1 [] {"uid":"e0a490b"}
[2019-06-13 14:33:08] UTN FRA LOGGER.INFO: info  =PostmanRuntime/7.1.1 [] {"uid":"5792b8b"}
[2019-06-13 14:33:08] UTN FRA LOGGER.INFO: ip =::1 [] {"uid":"5792b8b"}
[2019-06-13 14:33:14] UTN FRA LOGGER.INFO: info  =PostmanRuntime/7.1.1 [] {"uid":"c3f3041"}
[2019-06-13 14:33:14] UTN FRA LOGGER.INFO: ip =::1 [] {"uid":"c3f3041"}
[2019-06-13 14:41:27] UTN FRA LOGGER.INFO: info  =Mozilla/5.0 (X11; Linux x86_64; rv:60.0) Gecko/20100101 Firefox/60.0 [] {"uid":"d971c69"}
[2019-06-13 14:41:27] UTN FRA LOGGER.INFO: ip =127.0.0.1 [] {"uid":"d971c69"}
[2019-06-13 14:46:20] UTN FRA LOGGER.INFO: info  =Mozilla/5.0 (X11; Linux x86_64; rv:60.0) Gecko/20100101 Firefox/60.0 [] {"uid":"01737b9"}
[2019-06-13 14:46:20] UTN FRA LOGGER.INFO: ip =127.0.0.1 [] {"uid":"01737b9"}
[2019-06-13 14:48:37] UTN FRA LOGGER.INFO: info  =Mozilla/5.0 (X11; Linux x86_64) AppleWebKit/537.36 (KHTML, like Gecko) Chrome/50.0.2661.76 YaBrowser/16.6.0.6383 (beta) Safari/537.36 [] {"uid":"5d9f7e5"}
[2019-06-13 14:48:37] UTN FRA LOGGER.INFO: ip =::1 [] {"uid":"5d9f7e5"}
[2019-06-13 14:48:52] UTN FRA LOGGER.INFO: info  =Mozilla/5.0 (X11; Linux x86_64) AppleWebKit/537.36 (KHTML, like Gecko) Chrome/50.0.2661.76 YaBrowser/16.6.0.6383 (beta) Safari/537.36 [] {"uid":"f6cdba9"}
[2019-06-13 14:48:52] UTN FRA LOGGER.INFO: ip =::1 [] {"uid":"f6cdba9"}
[2019-06-13 14:48:59] UTN FRA LOGGER.INFO: info  =Mozilla/5.0 (X11; Linux x86_64) AppleWebKit/537.36 (KHTML, like Gecko) Chrome/50.0.2661.76 YaBrowser/16.6.0.6383 (beta) Safari/537.36 [] {"uid":"7fb9fe5"}
[2019-06-13 14:48:59] UTN FRA LOGGER.INFO: ip =::1 [] {"uid":"7fb9fe5"}
[2019-06-13 14:50:12] UTN FRA LOGGER.INFO: info  =Mozilla/5.0 (X11; Linux x86_64) AppleWebKit/537.36 (KHTML, like Gecko) Chrome/71.0.3578.98 Safari/537.36 OPR/58.0.3135.107 [] {"uid":"05adba9"}
[2019-06-13 14:50:13] UTN FRA LOGGER.INFO: ip =::1 [] {"uid":"05adba9"}
[2019-06-13 14:51:49] UTN FRA LOGGER.INFO: info  =Mozilla/5.0 (X11; Linux x86_64) AppleWebKit/537.36 (KHTML, like Gecko) Chrome/73.0.3683.86 Safari/537.36 [] {"uid":"4869fa1"}
[2019-06-13 14:51:49] UTN FRA LOGGER.INFO: ip =::1 [] {"uid":"4869fa1"}
[2019-06-13 14:52:04] UTN FRA LOGGER.INFO: info  =PostmanRuntime/7.1.1 [] {"uid":"955f892"}
[2019-06-13 14:52:04] UTN FRA LOGGER.INFO: ip =::1 [] {"uid":"955f892"}
[2019-06-13 14:52:24] UTN FRA LOGGER.INFO: Datos  =PostmanRuntime/7.1.1 [] {"uid":"3d3557f"}
[2019-06-13 14:52:24] UTN FRA LOGGER.INFO: ip =::1 [] {"uid":"3d3557f"}
[2019-06-13 14:52:34] UTN FRA LOGGER.INFO: Datos  =Mozilla/5.0 (X11; Linux x86_64) AppleWebKit/537.36 (KHTML, like Gecko) Chrome/71.0.3578.98 Safari/537.36 OPR/58.0.3135.107 [] {"uid":"521a87e"}
[2019-06-13 14:52:34] UTN FRA LOGGER.INFO: ip =::1 [] {"uid":"521a87e"}
[2019-06-13 14:54:41] UTN FRA LOGGER.INFO: Datos  =Mozilla/5.0 (X11; Linux x86_64) AppleWebKit/537.36 (KHTML, like Gecko) Chrome/73.0.3683.86 Safari/537.36 [] {"uid":"15b9fd3"}
[2019-06-13 14:54:41] UTN FRA LOGGER.INFO: ip =::1 [] {"uid":"15b9fd3"}
[2019-06-13 15:40:36] UTN FRA LOGGER.INFO: Datos  =Mozilla/5.0 (X11; Linux x86_64) AppleWebKit/537.36 (KHTML, like Gecko) Chrome/73.0.3683.86 Safari/537.36 [] {"uid":"bbb9226"}
[2019-06-13 15:40:36] UTN FRA LOGGER.INFO: ip =::1 [] {"uid":"bbb9226"}
[2019-06-13 15:40:42] UTN FRA LOGGER.INFO: Datos  =Mozilla/5.0 (X11; Linux x86_64) AppleWebKit/537.36 (KHTML, like Gecko) Chrome/73.0.3683.86 Safari/537.36 [] {"uid":"d5105f7"}
[2019-06-13 15:40:42] UTN FRA LOGGER.INFO: ip =::1 [] {"uid":"d5105f7"}
[2019-06-13 15:41:29] UTN FRA LOGGER.INFO: Datos  =Mozilla/5.0 (X11; Linux x86_64) AppleWebKit/537.36 (KHTML, like Gecko) Chrome/73.0.3683.86 Safari/537.36 [] {"uid":"e12c6d8"}
[2019-06-13 15:41:29] UTN FRA LOGGER.INFO: ip =::1 [] {"uid":"e12c6d8"}
[2019-06-13 15:42:30] UTN FRA LOGGER.INFO: Datos  =Mozilla/5.0 (X11; Linux x86_64) AppleWebKit/537.36 (KHTML, like Gecko) Chrome/73.0.3683.86 Safari/537.36 [] {"uid":"36ef6fa"}
[2019-06-13 15:42:30] UTN FRA LOGGER.INFO: ip =::1 [] {"uid":"36ef6fa"}
[2019-06-13 15:45:52] UTN FRA LOGGER.INFO: Datos  =Mozilla/5.0 (X11; Linux x86_64) AppleWebKit/537.36 (KHTML, like Gecko) Chrome/73.0.3683.86 Safari/537.36 [] {"uid":"452e00c"}
[2019-06-13 15:45:52] UTN FRA LOGGER.INFO: ip =::1 [] {"uid":"452e00c"}
[2019-06-13 15:46:48] UTN FRA LOGGER.INFO: Datos  =Mozilla/5.0 (X11; Linux x86_64) AppleWebKit/537.36 (KHTML, like Gecko) Chrome/73.0.3683.86 Safari/537.36 [] {"uid":"accaf17"}
[2019-06-13 15:46:48] UTN FRA LOGGER.INFO: ip =::1 [] {"uid":"accaf17"}
[2019-06-13 15:46:49] UTN FRA LOGGER.INFO: Datos  =Mozilla/5.0 (X11; Linux x86_64) AppleWebKit/537.36 (KHTML, like Gecko) Chrome/73.0.3683.86 Safari/537.36 [] {"uid":"2977b9f"}
[2019-06-13 15:46:49] UTN FRA LOGGER.INFO: ip =::1 [] {"uid":"2977b9f"}
[2019-06-13 15:46:50] UTN FRA LOGGER.INFO: Datos  =Mozilla/5.0 (X11; Linux x86_64) AppleWebKit/537.36 (KHTML, like Gecko) Chrome/73.0.3683.86 Safari/537.36 [] {"uid":"5b1fbcd"}
[2019-06-13 15:46:50] UTN FRA LOGGER.INFO: ip =::1 [] {"uid":"5b1fbcd"}
[2019-06-13 15:47:05] UTN FRA LOGGER.INFO: Datos  =Mozilla/5.0 (X11; Linux x86_64) AppleWebKit/537.36 (KHTML, like Gecko) Chrome/73.0.3683.86 Safari/537.36 [] {"uid":"618e906"}
[2019-06-13 15:47:05] UTN FRA LOGGER.INFO: ip =::1 [] {"uid":"618e906"}
[2019-06-13 15:47:10] UTN FRA LOGGER.INFO: Datos  =Mozilla/5.0 (X11; Linux x86_64) AppleWebKit/537.36 (KHTML, like Gecko) Chrome/73.0.3683.86 Safari/537.36 [] {"uid":"e6f850c"}
[2019-06-13 15:47:10] UTN FRA LOGGER.INFO: ip =::1 [] {"uid":"e6f850c"}
[2019-06-13 15:47:16] UTN FRA LOGGER.INFO: Datos  =Mozilla/5.0 (X11; Linux x86_64) AppleWebKit/537.36 (KHTML, like Gecko) Chrome/73.0.3683.86 Safari/537.36 [] {"uid":"6080469"}
[2019-06-13 15:47:16] UTN FRA LOGGER.INFO: ip =::1 [] {"uid":"6080469"}
[2019-06-13 15:47:52] UTN FRA LOGGER.INFO: Datos  =Mozilla/5.0 (X11; Linux x86_64) AppleWebKit/537.36 (KHTML, like Gecko) Chrome/73.0.3683.86 Safari/537.36 [] {"uid":"be829a8"}
[2019-06-13 15:47:52] UTN FRA LOGGER.INFO: ip =::1 [] {"uid":"be829a8"}
[2019-06-13 15:47:55] UTN FRA LOGGER.INFO: Datos  =Mozilla/5.0 (X11; Linux x86_64) AppleWebKit/537.36 (KHTML, like Gecko) Chrome/73.0.3683.86 Safari/537.36 [] {"uid":"8f497ca"}
[2019-06-13 15:47:55] UTN FRA LOGGER.INFO: ip =::1 [] {"uid":"8f497ca"}
[2019-06-13 15:48:12] UTN FRA LOGGER.INFO: Datos  =Mozilla/5.0 (X11; Linux x86_64) AppleWebKit/537.36 (KHTML, like Gecko) Chrome/73.0.3683.86 Safari/537.36 [] {"uid":"9e48c5a"}
[2019-06-13 15:48:12] UTN FRA LOGGER.INFO: ip =::1 [] {"uid":"9e48c5a"}
[2019-06-13 15:48:15] UTN FRA LOGGER.INFO: Datos  =Mozilla/5.0 (X11; Linux x86_64) AppleWebKit/537.36 (KHTML, like Gecko) Chrome/73.0.3683.86 Safari/537.36 [] {"uid":"b916695"}
[2019-06-13 15:48:15] UTN FRA LOGGER.INFO: ip =::1 [] {"uid":"b916695"}
[2019-06-13 15:50:55] UTN FRA LOGGER.INFO: Datos  =Mozilla/5.0 (X11; Linux x86_64) AppleWebKit/537.36 (KHTML, like Gecko) Chrome/73.0.3683.86 Safari/537.36 [] {"uid":"1dd5fc6"}
[2019-06-13 15:50:55] UTN FRA LOGGER.INFO: ip =::1 [] {"uid":"1dd5fc6"}
[2019-06-13 15:51:28] UTN FRA LOGGER.INFO: Datos  =Mozilla/5.0 (X11; Linux x86_64) AppleWebKit/537.36 (KHTML, like Gecko) Chrome/73.0.3683.86 Safari/537.36 [] {"uid":"458c08c"}
[2019-06-13 15:51:28] UTN FRA LOGGER.INFO: ip =::1 [] {"uid":"458c08c"}
[2019-06-13 15:51:33] UTN FRA LOGGER.INFO: Datos  =Mozilla/5.0 (X11; Linux x86_64) AppleWebKit/537.36 (KHTML, like Gecko) Chrome/73.0.3683.86 Safari/537.36 [] {"uid":"c57b200"}
[2019-06-13 15:51:33] UTN FRA LOGGER.INFO: ip =::1 [] {"uid":"c57b200"}
[2019-06-13 15:53:23] UTN FRA LOGGER.INFO: Datos  =Mozilla/5.0 (X11; Linux x86_64) AppleWebKit/537.36 (KHTML, like Gecko) Chrome/73.0.3683.86 Safari/537.36 [] {"uid":"903207f"}
[2019-06-13 15:53:23] UTN FRA LOGGER.INFO: ip =::1 [] {"uid":"903207f"}
[2019-06-13 15:53:26] UTN FRA LOGGER.INFO: Datos  =Mozilla/5.0 (X11; Linux x86_64) AppleWebKit/537.36 (KHTML, like Gecko) Chrome/73.0.3683.86 Safari/537.36 [] {"uid":"3a71660"}
[2019-06-13 15:53:26] UTN FRA LOGGER.INFO: ip =::1 [] {"uid":"3a71660"}
[2019-06-13 15:54:00] UTN FRA LOGGER.INFO: Datos  =Mozilla/5.0 (X11; Linux x86_64) AppleWebKit/537.36 (KHTML, like Gecko) Chrome/73.0.3683.86 Safari/537.36 [] {"uid":"b363313"}
[2019-06-13 15:54:00] UTN FRA LOGGER.INFO: ip =::1 [] {"uid":"b363313"}
[2019-06-13 15:54:01] UTN FRA LOGGER.INFO: Datos  =Mozilla/5.0 (X11; Linux x86_64) AppleWebKit/537.36 (KHTML, like Gecko) Chrome/73.0.3683.86 Safari/537.36 [] {"uid":"a1ab03e"}
[2019-06-13 15:54:01] UTN FRA LOGGER.INFO: ip =::1 [] {"uid":"a1ab03e"}
[2019-06-13 15:54:01] UTN FRA LOGGER.INFO: Datos  =Mozilla/5.0 (X11; Linux x86_64) AppleWebKit/537.36 (KHTML, like Gecko) Chrome/73.0.3683.86 Safari/537.36 [] {"uid":"74bb1fc"}
[2019-06-13 15:54:01] UTN FRA LOGGER.INFO: ip =::1 [] {"uid":"74bb1fc"}
[2019-06-13 15:54:01] UTN FRA LOGGER.INFO: Datos  =Mozilla/5.0 (X11; Linux x86_64) AppleWebKit/537.36 (KHTML, like Gecko) Chrome/73.0.3683.86 Safari/537.36 [] {"uid":"e07b9d7"}
[2019-06-13 15:54:01] UTN FRA LOGGER.INFO: ip =::1 [] {"uid":"e07b9d7"}
[2019-06-13 15:54:01] UTN FRA LOGGER.INFO: Datos  =Mozilla/5.0 (X11; Linux x86_64) AppleWebKit/537.36 (KHTML, like Gecko) Chrome/73.0.3683.86 Safari/537.36 [] {"uid":"b3e7a0b"}
[2019-06-13 15:54:01] UTN FRA LOGGER.INFO: ip =::1 [] {"uid":"b3e7a0b"}
[2019-06-13 15:54:02] UTN FRA LOGGER.INFO: Datos  =Mozilla/5.0 (X11; Linux x86_64) AppleWebKit/537.36 (KHTML, like Gecko) Chrome/73.0.3683.86 Safari/537.36 [] {"uid":"e6fa77e"}
[2019-06-13 15:54:02] UTN FRA LOGGER.INFO: ip =::1 [] {"uid":"e6fa77e"}
[2019-06-13 15:54:02] UTN FRA LOGGER.INFO: Datos  =Mozilla/5.0 (X11; Linux x86_64) AppleWebKit/537.36 (KHTML, like Gecko) Chrome/73.0.3683.86 Safari/537.36 [] {"uid":"262fbd8"}
[2019-06-13 15:54:02] UTN FRA LOGGER.INFO: ip =::1 [] {"uid":"262fbd8"}
[2019-06-13 15:54:29] UTN FRA LOGGER.INFO: Datos  =Mozilla/5.0 (X11; Linux x86_64) AppleWebKit/537.36 (KHTML, like Gecko) Chrome/73.0.3683.86 Safari/537.36 [] {"uid":"69026c5"}
[2019-06-13 15:54:29] UTN FRA LOGGER.INFO: ip =::1 [] {"uid":"69026c5"}
[2019-06-13 15:54:53] UTN FRA LOGGER.INFO: Datos  =Mozilla/5.0 (X11; Linux x86_64) AppleWebKit/537.36 (KHTML, like Gecko) Chrome/73.0.3683.86 Safari/537.36 [] {"uid":"7f80bac"}
[2019-06-13 15:54:53] UTN FRA LOGGER.INFO: ip =::1 [] {"uid":"7f80bac"}
[2019-06-13 16:14:20] UTN FRA LOGGER.INFO: Datos  =PostmanRuntime/7.1.1 [] {"uid":"f37f107"}
[2019-06-13 16:14:20] UTN FRA LOGGER.INFO: ip =::1 [] {"uid":"f37f107"}
[2019-06-13 16:14:25] UTN FRA LOGGER.INFO: Datos  =PostmanRuntime/7.1.1 [] {"uid":"f86c548"}
[2019-06-13 16:14:25] UTN FRA LOGGER.INFO: ip =::1 [] {"uid":"f86c548"}
[2019-06-13 16:16:52] UTN FRA LOGGER.INFO: Datos  =PostmanRuntime/7.1.1 [] {"uid":"cfce916"}
[2019-06-13 16:16:52] UTN FRA LOGGER.INFO: ip =::1 [] {"uid":"cfce916"}
[2019-06-13 16:16:56] UTN FRA LOGGER.INFO: Datos  =PostmanRuntime/7.1.1 [] {"uid":"24b074c"}
[2019-06-13 16:16:56] UTN FRA LOGGER.INFO: ip =::1 [] {"uid":"24b074c"}
[2019-06-13 16:17:07] UTN FRA LOGGER.INFO: Datos  =PostmanRuntime/7.1.1 [] {"uid":"fecc8fc"}
[2019-06-13 16:17:07] UTN FRA LOGGER.INFO: ip =::1 [] {"uid":"fecc8fc"}
[2019-06-13 16:19:09] UTN FRA LOGGER.INFO: Datos  =Mozilla/5.0 (X11; Linux x86_64) AppleWebKit/537.36 (KHTML, like Gecko) Chrome/73.0.3683.86 Safari/537.36 [] {"uid":"e2193d4"}
[2019-06-13 16:19:09] UTN FRA LOGGER.INFO: ip =::1 [] {"uid":"e2193d4"}
[2019-06-13 16:19:58] UTN FRA LOGGER.INFO: Datos  =Mozilla/5.0 (X11; Linux x86_64) AppleWebKit/537.36 (KHTML, like Gecko) Chrome/73.0.3683.86 Safari/537.36 [] {"uid":"d83d781"}
[2019-06-13 16:19:58] UTN FRA LOGGER.INFO: ip =::1 [] {"uid":"d83d781"}
[2019-06-13 16:20:00] UTN FRA LOGGER.INFO: Datos  =Mozilla/5.0 (X11; Linux x86_64) AppleWebKit/537.36 (KHTML, like Gecko) Chrome/73.0.3683.86 Safari/537.36 [] {"uid":"89e32cc"}
[2019-06-13 16:20:00] UTN FRA LOGGER.INFO: ip =::1 [] {"uid":"89e32cc"}
[2019-06-13 16:20:32] UTN FRA LOGGER.INFO: Datos  =Mozilla/5.0 (X11; Linux x86_64) AppleWebKit/537.36 (KHTML, like Gecko) Chrome/73.0.3683.86 Safari/537.36 [] {"uid":"434586f"}
[2019-06-13 16:20:32] UTN FRA LOGGER.INFO: ip =::1 [] {"uid":"434586f"}
[2019-06-13 16:20:40] UTN FRA LOGGER.INFO: Datos  =PostmanRuntime/7.1.1 [] {"uid":"87cac8e"}
[2019-06-13 16:20:40] UTN FRA LOGGER.INFO: ip =::1 [] {"uid":"87cac8e"}
[2019-11-24 23:50:54] UTN FRA LOGGER.INFO: Datos  =Mozilla/5.0 (Windows NT 10.0; Win64; x64) AppleWebKit/537.36 (KHTML, like Gecko) Chrome/78.0.3904.108 Safari/537.36 [] {"uid":"333274c"}
[2019-11-24 23:50:54] UTN FRA LOGGER.INFO: ip = [] {"uid":"333274c"}
[2019-11-24 23:51:00] UTN FRA LOGGER.INFO: Datos  =Mozilla/5.0 (Windows NT 10.0; Win64; x64) AppleWebKit/537.36 (KHTML, like Gecko) Chrome/78.0.3904.108 Safari/537.36 [] {"uid":"7818caa"}
[2019-11-24 23:51:00] UTN FRA LOGGER.INFO: ip = [] {"uid":"7818caa"}
[2019-11-24 23:51:24] UTN FRA LOGGER.INFO: Datos  =Mozilla/5.0 (Windows NT 10.0; Win64; x64) AppleWebKit/537.36 (KHTML, like Gecko) Chrome/78.0.3904.108 Safari/537.36 [] {"uid":"ad6314f"}
[2019-11-24 23:51:24] UTN FRA LOGGER.INFO: ip = [] {"uid":"ad6314f"}
[2019-11-24 23:52:27] UTN FRA LOGGER.INFO: Datos  =Mozilla/5.0 (Windows NT 10.0; Win64; x64) AppleWebKit/537.36 (KHTML, like Gecko) Chrome/78.0.3904.108 Safari/537.36 [] {"uid":"f4e9e13"}
[2019-11-24 23:52:27] UTN FRA LOGGER.INFO: ip = [] {"uid":"f4e9e13"}
[2019-11-24 23:54:43] UTN FRA LOGGER.INFO: Datos  =Mozilla/5.0 (Windows NT 10.0; Win64; x64) AppleWebKit/537.36 (KHTML, like Gecko) Chrome/78.0.3904.108 Safari/537.36 [] {"uid":"f5c4d98"}
[2019-11-24 23:54:43] UTN FRA LOGGER.INFO: ip = [] {"uid":"f5c4d98"}
[2019-11-25 00:37:56] UTN FRA LOGGER.INFO: Datos  =Mozilla/5.0 (Windows NT 10.0; Win64; x64) AppleWebKit/537.36 (KHTML, like Gecko) Chrome/78.0.3904.108 Safari/537.36 [] {"uid":"e6e5fa5"}
[2019-11-25 00:37:56] UTN FRA LOGGER.INFO: ip = [] {"uid":"e6e5fa5"}
[2019-11-25 00:38:12] UTN FRA LOGGER.INFO: Datos  =Mozilla/5.0 (Windows NT 10.0; Win64; x64) AppleWebKit/537.36 (KHTML, like Gecko) Chrome/78.0.3904.108 Safari/537.36 [] {"uid":"acb20d5"}
[2019-11-25 00:38:12] UTN FRA LOGGER.INFO: ip = [] {"uid":"acb20d5"}
[2019-11-25 00:38:52] UTN FRA LOGGER.INFO: Datos  =Mozilla/5.0 (Windows NT 10.0; Win64; x64) AppleWebKit/537.36 (KHTML, like Gecko) Chrome/78.0.3904.108 Safari/537.36 [] {"uid":"03587c2"}
[2019-11-25 00:38:52] UTN FRA LOGGER.INFO: ip = [] {"uid":"03587c2"}
[2019-11-25 00:39:06] UTN FRA LOGGER.INFO: Datos  =Mozilla/5.0 (Windows NT 10.0; Win64; x64) AppleWebKit/537.36 (KHTML, like Gecko) Chrome/78.0.3904.108 Safari/537.36 [] {"uid":"3ba41af"}
[2019-11-25 00:39:06] UTN FRA LOGGER.INFO: ip = [] {"uid":"3ba41af"}
[2019-11-25 00:39:45] UTN FRA LOGGER.INFO: Datos  =Mozilla/5.0 (Windows NT 10.0; Win64; x64) AppleWebKit/537.36 (KHTML, like Gecko) Chrome/78.0.3904.108 Safari/537.36 [] {"uid":"ac3a5cc"}
[2019-11-25 00:39:45] UTN FRA LOGGER.INFO: ip = [] {"uid":"ac3a5cc"}
[2019-11-25 00:43:04] UTN FRA LOGGER.INFO: Datos  =Mozilla/5.0 (Windows NT 10.0; Win64; x64) AppleWebKit/537.36 (KHTML, like Gecko) Chrome/78.0.3904.108 Safari/537.36 [] {"uid":"57154b2"}
[2019-11-25 00:43:04] UTN FRA LOGGER.INFO: ip = [] {"uid":"57154b2"}
[2019-11-25 00:43:05] UTN FRA LOGGER.INFO: Datos  =Mozilla/5.0 (Windows NT 10.0; Win64; x64) AppleWebKit/537.36 (KHTML, like Gecko) Chrome/78.0.3904.108 Safari/537.36 [] {"uid":"2e9dd0a"}
[2019-11-25 00:43:05] UTN FRA LOGGER.INFO: ip = [] {"uid":"2e9dd0a"}
[2019-11-25 00:48:46] UTN FRA LOGGER.INFO: Datos  =Mozilla/5.0 (Windows NT 10.0; Win64; x64) AppleWebKit/537.36 (KHTML, like Gecko) Chrome/78.0.3904.108 Safari/537.36 [] {"uid":"db1af22"}
[2019-11-25 00:48:46] UTN FRA LOGGER.INFO: ip = [] {"uid":"db1af22"}
[2019-11-25 01:05:28] UTN FRA LOGGER.INFO: Datos  =Mozilla/5.0 (Windows NT 10.0; Win64; x64) AppleWebKit/537.36 (KHTML, like Gecko) Chrome/78.0.3904.108 Safari/537.36 [] {"uid":"8e9d79c"}
[2019-11-25 01:05:28] UTN FRA LOGGER.INFO: ip = [] {"uid":"8e9d79c"}
[2019-11-25 01:05:39] UTN FRA LOGGER.INFO: Datos  =Mozilla/5.0 (Windows NT 10.0; Win64; x64) AppleWebKit/537.36 (KHTML, like Gecko) Chrome/78.0.3904.108 Safari/537.36 [] {"uid":"56cd7e6"}
[2019-11-25 01:05:39] UTN FRA LOGGER.INFO: ip = [] {"uid":"56cd7e6"}
[2019-11-25 01:05:39] UTN FRA LOGGER.INFO: Datos  =Mozilla/5.0 (Windows NT 10.0; Win64; x64) AppleWebKit/537.36 (KHTML, like Gecko) Chrome/78.0.3904.108 Safari/537.36 [] {"uid":"d4cd49b"}
[2019-11-25 01:05:39] UTN FRA LOGGER.INFO: ip = [] {"uid":"d4cd49b"}
[2019-11-25 02:20:18] UTN FRA LOGGER.INFO: Datos  =Mozilla/5.0 (Windows NT 10.0; Win64; x64) AppleWebKit/537.36 (KHTML, like Gecko) Chrome/78.0.3904.108 Safari/537.36 [] {"uid":"9fe8f8c"}
[2019-11-25 02:20:18] UTN FRA LOGGER.INFO: ip = [] {"uid":"9fe8f8c"}
[2019-11-25 02:21:28] UTN FRA LOGGER.INFO: Datos  =Mozilla/5.0 (Windows NT 10.0; Win64; x64) AppleWebKit/537.36 (KHTML, like Gecko) Chrome/78.0.3904.108 Safari/537.36 [] {"uid":"4e5aafb"}
[2019-11-25 02:21:28] UTN FRA LOGGER.INFO: ip = [] {"uid":"4e5aafb"}
[2019-11-25 03:25:45] UTN FRA LOGGER.INFO: Datos  =Mozilla/5.0 (Windows NT 10.0; Win64; x64) AppleWebKit/537.36 (KHTML, like Gecko) Chrome/78.0.3904.108 Safari/537.36 [] {"uid":"713de3a"}
[2019-11-25 03:25:45] UTN FRA LOGGER.INFO: ip = [] {"uid":"713de3a"}
[2019-11-25 03:27:03] UTN FRA LOGGER.INFO: Datos  =Mozilla/5.0 (Windows NT 10.0; Win64; x64) AppleWebKit/537.36 (KHTML, like Gecko) Chrome/78.0.3904.108 Safari/537.36 [] {"uid":"c3d8f18"}
[2019-11-25 03:27:03] UTN FRA LOGGER.INFO: ip = [] {"uid":"c3d8f18"}
[2019-11-25 03:27:46] UTN FRA LOGGER.INFO: Datos  =Mozilla/5.0 (Windows NT 10.0; Win64; x64) AppleWebKit/537.36 (KHTML, like Gecko) Chrome/78.0.3904.108 Safari/537.36 [] {"uid":"b62c9d3"}
[2019-11-25 03:27:46] UTN FRA LOGGER.INFO: ip = [] {"uid":"b62c9d3"}
[2019-11-25 03:27:47] UTN FRA LOGGER.INFO: Datos  =Mozilla/5.0 (Windows NT 10.0; Win64; x64) AppleWebKit/537.36 (KHTML, like Gecko) Chrome/78.0.3904.108 Safari/537.36 [] {"uid":"d729771"}
[2019-11-25 03:27:47] UTN FRA LOGGER.INFO: ip = [] {"uid":"d729771"}
[2019-11-25 03:28:22] UTN FRA LOGGER.INFO: Datos  =Mozilla/5.0 (Windows NT 10.0; Win64; x64) AppleWebKit/537.36 (KHTML, like Gecko) Chrome/78.0.3904.108 Safari/537.36 [] {"uid":"973eb2c"}
[2019-11-25 03:28:22] UTN FRA LOGGER.INFO: ip = [] {"uid":"973eb2c"}
[2019-11-25 03:29:54] UTN FRA LOGGER.INFO: Datos  =Mozilla/5.0 (Windows NT 10.0; Win64; x64) AppleWebKit/537.36 (KHTML, like Gecko) Chrome/78.0.3904.108 Safari/537.36 [] {"uid":"4972418"}
[2019-11-25 03:29:54] UTN FRA LOGGER.INFO: ip = [] {"uid":"4972418"}
[2019-11-25 03:42:47] UTN FRA LOGGER.INFO: Datos  =Mozilla/5.0 (Windows NT 10.0; Win64; x64) AppleWebKit/537.36 (KHTML, like Gecko) Chrome/78.0.3904.108 Safari/537.36 [] {"uid":"21b3ef7"}
[2019-11-25 03:42:47] UTN FRA LOGGER.INFO: ip = [] {"uid":"21b3ef7"}
[2019-11-25 03:43:17] UTN FRA LOGGER.INFO: Datos  =Mozilla/5.0 (Windows NT 10.0; Win64; x64) AppleWebKit/537.36 (KHTML, like Gecko) Chrome/78.0.3904.108 Safari/537.36 [] {"uid":"098202d"}
[2019-11-25 03:43:17] UTN FRA LOGGER.INFO: ip = [] {"uid":"098202d"}
[2019-11-25 03:43:35] UTN FRA LOGGER.INFO: Datos  =Mozilla/5.0 (Windows NT 10.0; Win64; x64) AppleWebKit/537.36 (KHTML, like Gecko) Chrome/78.0.3904.108 Safari/537.36 [] {"uid":"a321bff"}
[2019-11-25 03:43:35] UTN FRA LOGGER.INFO: ip = [] {"uid":"a321bff"}
[2019-11-25 03:59:24] UTN FRA LOGGER.INFO: Datos  =Mozilla/5.0 (Windows NT 10.0; Win64; x64) AppleWebKit/537.36 (KHTML, like Gecko) Chrome/78.0.3904.108 Safari/537.36 [] {"uid":"94f4f2e"}
[2019-11-25 03:59:24] UTN FRA LOGGER.INFO: ip = [] {"uid":"94f4f2e"}
[2019-11-25 03:59:25] UTN FRA LOGGER.INFO: Datos  =Mozilla/5.0 (Windows NT 10.0; Win64; x64) AppleWebKit/537.36 (KHTML, like Gecko) Chrome/78.0.3904.108 Safari/537.36 [] {"uid":"cb67b5d"}
[2019-11-25 03:59:25] UTN FRA LOGGER.INFO: ip = [] {"uid":"cb67b5d"}
[2019-11-25 04:06:00] UTN FRA LOGGER.INFO: Datos  =Mozilla/5.0 (Windows NT 10.0; Win64; x64) AppleWebKit/537.36 (KHTML, like Gecko) Chrome/78.0.3904.108 Safari/537.36 [] {"uid":"1c55af2"}
[2019-11-25 04:06:00] UTN FRA LOGGER.INFO: ip = [] {"uid":"1c55af2"}
[2019-11-25 04:28:15] UTN FRA LOGGER.INFO: Datos  =Mozilla/5.0 (Windows NT 10.0; Win64; x64) AppleWebKit/537.36 (KHTML, like Gecko) Chrome/78.0.3904.108 Safari/537.36 [] {"uid":"973d554"}
[2019-11-25 04:28:15] UTN FRA LOGGER.INFO: ip = [] {"uid":"973d554"}
[2019-11-25 04:28:40] UTN FRA LOGGER.INFO: Datos  =Mozilla/5.0 (Windows NT 10.0; Win64; x64) AppleWebKit/537.36 (KHTML, like Gecko) Chrome/78.0.3904.108 Safari/537.36 [] {"uid":"c86026a"}
[2019-11-25 04:28:40] UTN FRA LOGGER.INFO: ip = [] {"uid":"c86026a"}
[2019-11-25 04:29:58] UTN FRA LOGGER.INFO: Datos  =Mozilla/5.0 (Windows NT 10.0; Win64; x64) AppleWebKit/537.36 (KHTML, like Gecko) Chrome/78.0.3904.108 Safari/537.36 [] {"uid":"71f252a"}
[2019-11-25 04:29:58] UTN FRA LOGGER.INFO: ip = [] {"uid":"71f252a"}
[2019-11-25 04:31:30] UTN FRA LOGGER.INFO: Datos  =Mozilla/5.0 (Windows NT 10.0; Win64; x64) AppleWebKit/537.36 (KHTML, like Gecko) Chrome/78.0.3904.108 Safari/537.36 [] {"uid":"972ee8b"}
[2019-11-25 04:31:30] UTN FRA LOGGER.INFO: ip = [] {"uid":"972ee8b"}
[2019-11-25 04:32:20] UTN FRA LOGGER.INFO: Datos  =Mozilla/5.0 (Windows NT 10.0; Win64; x64) AppleWebKit/537.36 (KHTML, like Gecko) Chrome/78.0.3904.108 Safari/537.36 [] {"uid":"69ef123"}
[2019-11-25 04:32:20] UTN FRA LOGGER.INFO: ip = [] {"uid":"69ef123"}
[2019-11-25 04:32:48] UTN FRA LOGGER.INFO: Datos  =Mozilla/5.0 (Windows NT 10.0; Win64; x64) AppleWebKit/537.36 (KHTML, like Gecko) Chrome/78.0.3904.108 Safari/537.36 [] {"uid":"82b92e8"}
[2019-11-25 04:32:48] UTN FRA LOGGER.INFO: ip = [] {"uid":"82b92e8"}
[2019-11-25 04:33:59] UTN FRA LOGGER.INFO: Datos  =Mozilla/5.0 (Windows NT 10.0; Win64; x64) AppleWebKit/537.36 (KHTML, like Gecko) Chrome/78.0.3904.108 Safari/537.36 [] {"uid":"f7e6231"}
[2019-11-25 04:33:59] UTN FRA LOGGER.INFO: ip = [] {"uid":"f7e6231"}
[2019-11-25 04:35:03] UTN FRA LOGGER.INFO: Datos  =Mozilla/5.0 (Windows NT 10.0; Win64; x64) AppleWebKit/537.36 (KHTML, like Gecko) Chrome/78.0.3904.108 Safari/537.36 [] {"uid":"31b9ddb"}
[2019-11-25 04:35:03] UTN FRA LOGGER.INFO: ip = [] {"uid":"31b9ddb"}
[2019-11-25 04:55:24] UTN FRA LOGGER.INFO: Datos  =Mozilla/5.0 (Windows NT 10.0; Win64; x64) AppleWebKit/537.36 (KHTML, like Gecko) Chrome/78.0.3904.108 Safari/537.36 [] {"uid":"2729997"}
[2019-11-25 04:55:24] UTN FRA LOGGER.INFO: ip = [] {"uid":"2729997"}
[2019-11-25 04:55:55] UTN FRA LOGGER.INFO: Datos  =Mozilla/5.0 (Windows NT 10.0; Win64; x64) AppleWebKit/537.36 (KHTML, like Gecko) Chrome/78.0.3904.108 Safari/537.36 [] {"uid":"bce1dcc"}
[2019-11-25 04:55:55] UTN FRA LOGGER.INFO: ip = [] {"uid":"bce1dcc"}
[2019-11-25 04:56:11] UTN FRA LOGGER.INFO: Datos  =Mozilla/5.0 (Windows NT 10.0; Win64; x64) AppleWebKit/537.36 (KHTML, like Gecko) Chrome/78.0.3904.108 Safari/537.36 [] {"uid":"182e69f"}
[2019-11-25 04:56:11] UTN FRA LOGGER.INFO: ip = [] {"uid":"182e69f"}
[2019-11-25 04:56:17] UTN FRA LOGGER.INFO: Datos  =Mozilla/5.0 (Windows NT 10.0; Win64; x64) AppleWebKit/537.36 (KHTML, like Gecko) Chrome/78.0.3904.108 Safari/537.36 [] {"uid":"f77a105"}
[2019-11-25 04:56:17] UTN FRA LOGGER.INFO: ip = [] {"uid":"f77a105"}
[2019-11-25 14:21:02] UTN FRA LOGGER.INFO: Datos  =Mozilla/5.0 (Windows NT 10.0; Win64; x64) AppleWebKit/537.36 (KHTML, like Gecko) Chrome/78.0.3904.108 Safari/537.36 [] {"uid":"918035b"}
[2019-11-25 14:21:02] UTN FRA LOGGER.INFO: ip = [] {"uid":"918035b"}
[2019-11-25 15:04:54] UTN FRA LOGGER.INFO: Datos  =Mozilla/5.0 (Windows NT 10.0; Win64; x64) AppleWebKit/537.36 (KHTML, like Gecko) Chrome/78.0.3904.108 Safari/537.36 [] {"uid":"73cc797"}
[2019-11-25 15:04:54] UTN FRA LOGGER.INFO: ip = [] {"uid":"73cc797"}
[2019-11-25 15:17:41] UTN FRA LOGGER.INFO: Datos  =Mozilla/5.0 (Windows NT 10.0; Win64; x64) AppleWebKit/537.36 (KHTML, like Gecko) Chrome/78.0.3904.108 Safari/537.36 [] {"uid":"d2ebf1f"}
[2019-11-25 15:17:41] UTN FRA LOGGER.INFO: ip = [] {"uid":"d2ebf1f"}
[2019-11-25 15:17:52] UTN FRA LOGGER.INFO: Datos  =Mozilla/5.0 (Windows NT 10.0; Win64; x64) AppleWebKit/537.36 (KHTML, like Gecko) Chrome/78.0.3904.108 Safari/537.36 [] {"uid":"6e5533c"}
[2019-11-25 15:17:52] UTN FRA LOGGER.INFO: ip = [] {"uid":"6e5533c"}
[2019-11-25 15:20:08] UTN FRA LOGGER.INFO: Datos  =Mozilla/5.0 (Windows NT 10.0; Win64; x64) AppleWebKit/537.36 (KHTML, like Gecko) Chrome/78.0.3904.108 Safari/537.36 [] {"uid":"24a7a1a"}
[2019-11-25 15:20:08] UTN FRA LOGGER.INFO: ip = [] {"uid":"24a7a1a"}
[2019-11-25 15:21:31] UTN FRA LOGGER.INFO: Datos  =Mozilla/5.0 (Windows NT 10.0; Win64; x64) AppleWebKit/537.36 (KHTML, like Gecko) Chrome/78.0.3904.108 Safari/537.36 [] {"uid":"7a1be8f"}
[2019-11-25 15:21:31] UTN FRA LOGGER.INFO: ip = [] {"uid":"7a1be8f"}
[2019-11-25 15:22:27] UTN FRA LOGGER.INFO: Datos  =Mozilla/5.0 (Windows NT 10.0; Win64; x64) AppleWebKit/537.36 (KHTML, like Gecko) Chrome/78.0.3904.108 Safari/537.36 [] {"uid":"2a1fc53"}
[2019-11-25 15:22:27] UTN FRA LOGGER.INFO: ip = [] {"uid":"2a1fc53"}
[2019-11-25 15:22:46] UTN FRA LOGGER.INFO: Datos  =Mozilla/5.0 (Windows NT 10.0; Win64; x64) AppleWebKit/537.36 (KHTML, like Gecko) Chrome/78.0.3904.108 Safari/537.36 [] {"uid":"e1c9880"}
[2019-11-25 15:22:46] UTN FRA LOGGER.INFO: ip = [] {"uid":"e1c9880"}
[2019-11-25 15:23:14] UTN FRA LOGGER.INFO: Datos  =Mozilla/5.0 (Windows NT 10.0; Win64; x64) AppleWebKit/537.36 (KHTML, like Gecko) Chrome/78.0.3904.108 Safari/537.36 [] {"uid":"3ececd3"}
[2019-11-25 15:23:14] UTN FRA LOGGER.INFO: ip = [] {"uid":"3ececd3"}
[2019-11-25 15:23:22] UTN FRA LOGGER.INFO: Datos  =Mozilla/5.0 (Windows NT 10.0; Win64; x64) AppleWebKit/537.36 (KHTML, like Gecko) Chrome/78.0.3904.108 Safari/537.36 [] {"uid":"7cf507a"}
[2019-11-25 15:23:22] UTN FRA LOGGER.INFO: ip = [] {"uid":"7cf507a"}
[2019-11-25 15:23:26] UTN FRA LOGGER.INFO: Datos  =Mozilla/5.0 (Windows NT 10.0; Win64; x64) AppleWebKit/537.36 (KHTML, like Gecko) Chrome/78.0.3904.108 Safari/537.36 [] {"uid":"b2400aa"}
[2019-11-25 15:23:26] UTN FRA LOGGER.INFO: ip = [] {"uid":"b2400aa"}
[2019-11-25 15:26:06] UTN FRA LOGGER.INFO: Datos  =Mozilla/5.0 (Windows NT 10.0; Win64; x64) AppleWebKit/537.36 (KHTML, like Gecko) Chrome/78.0.3904.108 Safari/537.36 [] {"uid":"2341f74"}
[2019-11-25 15:26:06] UTN FRA LOGGER.INFO: ip = [] {"uid":"2341f74"}
[2019-11-25 15:26:53] UTN FRA LOGGER.INFO: Datos  =Mozilla/5.0 (Windows NT 10.0; Win64; x64) AppleWebKit/537.36 (KHTML, like Gecko) Chrome/78.0.3904.108 Safari/537.36 [] {"uid":"f916849"}
[2019-11-25 15:26:53] UTN FRA LOGGER.INFO: ip = [] {"uid":"f916849"}
[2019-11-25 15:26:57] UTN FRA LOGGER.INFO: Datos  =Mozilla/5.0 (Windows NT 10.0; Win64; x64) AppleWebKit/537.36 (KHTML, like Gecko) Chrome/78.0.3904.108 Safari/537.36 [] {"uid":"fff2523"}
[2019-11-25 15:26:57] UTN FRA LOGGER.INFO: ip = [] {"uid":"fff2523"}
[2019-11-25 15:27:16] UTN FRA LOGGER.INFO: Datos  =Mozilla/5.0 (Windows NT 10.0; Win64; x64) AppleWebKit/537.36 (KHTML, like Gecko) Chrome/78.0.3904.108 Safari/537.36 [] {"uid":"afe4b86"}
[2019-11-25 15:27:16] UTN FRA LOGGER.INFO: ip = [] {"uid":"afe4b86"}
[2019-11-25 15:27:39] UTN FRA LOGGER.INFO: Datos  =Mozilla/5.0 (Windows NT 10.0; Win64; x64) AppleWebKit/537.36 (KHTML, like Gecko) Chrome/78.0.3904.108 Safari/537.36 [] {"uid":"ad8f2f8"}
[2019-11-25 15:27:39] UTN FRA LOGGER.INFO: ip = [] {"uid":"ad8f2f8"}
[2019-11-25 15:33:19] UTN FRA LOGGER.INFO: Datos  =Mozilla/5.0 (Windows NT 10.0; Win64; x64) AppleWebKit/537.36 (KHTML, like Gecko) Chrome/78.0.3904.108 Safari/537.36 [] {"uid":"fbe706f"}
[2019-11-25 15:33:19] UTN FRA LOGGER.INFO: ip = [] {"uid":"fbe706f"}
[2019-11-25 15:36:10] UTN FRA LOGGER.INFO: Datos  =Mozilla/5.0 (Windows NT 10.0; Win64; x64) AppleWebKit/537.36 (KHTML, like Gecko) Chrome/78.0.3904.108 Safari/537.36 [] {"uid":"1ad1433"}
[2019-11-25 15:36:10] UTN FRA LOGGER.INFO: ip = [] {"uid":"1ad1433"}
[2019-11-25 15:41:52] UTN FRA LOGGER.INFO: Datos  =Mozilla/5.0 (Windows NT 10.0; Win64; x64) AppleWebKit/537.36 (KHTML, like Gecko) Chrome/78.0.3904.108 Safari/537.36 [] {"uid":"9dc505b"}
[2019-11-25 15:41:52] UTN FRA LOGGER.INFO: ip = [] {"uid":"9dc505b"}
[2019-11-25 15:42:23] UTN FRA LOGGER.INFO: Datos  =Mozilla/5.0 (Windows NT 10.0; Win64; x64) AppleWebKit/537.36 (KHTML, like Gecko) Chrome/78.0.3904.108 Safari/537.36 [] {"uid":"acbf4d4"}
[2019-11-25 15:42:23] UTN FRA LOGGER.INFO: ip = [] {"uid":"acbf4d4"}
[2019-11-25 15:43:30] UTN FRA LOGGER.INFO: Datos  =Mozilla/5.0 (Windows NT 10.0; Win64; x64) AppleWebKit/537.36 (KHTML, like Gecko) Chrome/78.0.3904.108 Safari/537.36 [] {"uid":"5c9e762"}
[2019-11-25 15:43:30] UTN FRA LOGGER.INFO: ip = [] {"uid":"5c9e762"}
[2019-11-25 15:45:30] UTN FRA LOGGER.INFO: Datos  =Mozilla/5.0 (Windows NT 10.0; Win64; x64) AppleWebKit/537.36 (KHTML, like Gecko) Chrome/78.0.3904.108 Safari/537.36 [] {"uid":"9629255"}
[2019-11-25 15:45:30] UTN FRA LOGGER.INFO: ip = [] {"uid":"9629255"}
[2019-11-25 15:57:35] UTN FRA LOGGER.INFO: Datos  =Mozilla/5.0 (Windows NT 10.0; Win64; x64) AppleWebKit/537.36 (KHTML, like Gecko) Chrome/78.0.3904.108 Safari/537.36 [] {"uid":"ca9ee85"}
[2019-11-25 15:57:35] UTN FRA LOGGER.INFO: ip = [] {"uid":"ca9ee85"}
[2019-11-25 15:58:13] UTN FRA LOGGER.INFO: Datos  =Mozilla/5.0 (Windows NT 10.0; Win64; x64) AppleWebKit/537.36 (KHTML, like Gecko) Chrome/78.0.3904.108 Safari/537.36 [] {"uid":"e8e2325"}
[2019-11-25 15:58:13] UTN FRA LOGGER.INFO: ip = [] {"uid":"e8e2325"}
[2019-11-25 16:04:29] UTN FRA LOGGER.INFO: Datos  =Mozilla/5.0 (Windows NT 10.0; Win64; x64) AppleWebKit/537.36 (KHTML, like Gecko) Chrome/78.0.3904.108 Safari/537.36 [] {"uid":"0e2d704"}
[2019-11-25 16:04:29] UTN FRA LOGGER.INFO: ip = [] {"uid":"0e2d704"}
[2019-11-25 16:05:48] UTN FRA LOGGER.INFO: Datos  =Mozilla/5.0 (Windows NT 10.0; Win64; x64) AppleWebKit/537.36 (KHTML, like Gecko) Chrome/78.0.3904.108 Safari/537.36 [] {"uid":"2f39469"}
[2019-11-25 16:05:48] UTN FRA LOGGER.INFO: ip = [] {"uid":"2f39469"}
[2019-11-25 16:06:12] UTN FRA LOGGER.INFO: Datos  =Mozilla/5.0 (Windows NT 10.0; Win64; x64) AppleWebKit/537.36 (KHTML, like Gecko) Chrome/78.0.3904.108 Safari/537.36 [] {"uid":"39c0bb2"}
[2019-11-25 16:06:12] UTN FRA LOGGER.INFO: ip = [] {"uid":"39c0bb2"}
[2019-11-25 16:06:21] UTN FRA LOGGER.INFO: Datos  =Mozilla/5.0 (Windows NT 10.0; Win64; x64) AppleWebKit/537.36 (KHTML, like Gecko) Chrome/78.0.3904.108 Safari/537.36 [] {"uid":"1a3200a"}
[2019-11-25 16:06:21] UTN FRA LOGGER.INFO: ip = [] {"uid":"1a3200a"}
[2019-11-25 16:06:36] UTN FRA LOGGER.INFO: Datos  =Mozilla/5.0 (Windows NT 10.0; Win64; x64) AppleWebKit/537.36 (KHTML, like Gecko) Chrome/78.0.3904.108 Safari/537.36 [] {"uid":"8474380"}
[2019-11-25 16:06:36] UTN FRA LOGGER.INFO: ip = [] {"uid":"8474380"}
[2019-11-25 16:06:40] UTN FRA LOGGER.INFO: Datos  =Mozilla/5.0 (Windows NT 10.0; Win64; x64) AppleWebKit/537.36 (KHTML, like Gecko) Chrome/78.0.3904.108 Safari/537.36 [] {"uid":"47a0fb1"}
[2019-11-25 16:06:40] UTN FRA LOGGER.INFO: ip = [] {"uid":"47a0fb1"}
[2019-11-25 17:26:07] UTN FRA LOGGER.INFO: Datos  =Mozilla/5.0 (Windows NT 10.0; Win64; x64) AppleWebKit/537.36 (KHTML, like Gecko) Chrome/78.0.3904.108 Safari/537.36 [] {"uid":"75a981d"}
[2019-11-25 17:26:07] UTN FRA LOGGER.INFO: ip = [] {"uid":"75a981d"}
[2019-11-25 17:26:20] UTN FRA LOGGER.INFO: Datos  =Mozilla/5.0 (Windows NT 10.0; Win64; x64) AppleWebKit/537.36 (KHTML, like Gecko) Chrome/78.0.3904.108 Safari/537.36 [] {"uid":"22b2bb4"}
[2019-11-25 17:26:20] UTN FRA LOGGER.INFO: ip = [] {"uid":"22b2bb4"}
[2019-11-25 17:28:27] UTN FRA LOGGER.INFO: Datos  =Mozilla/5.0 (Windows NT 10.0; Win64; x64) AppleWebKit/537.36 (KHTML, like Gecko) Chrome/78.0.3904.108 Safari/537.36 [] {"uid":"f2b1ea5"}
[2019-11-25 17:28:27] UTN FRA LOGGER.INFO: ip = [] {"uid":"f2b1ea5"}
[2019-11-25 17:28:28] UTN FRA LOGGER.INFO: Datos  =Mozilla/5.0 (Windows NT 10.0; Win64; x64) AppleWebKit/537.36 (KHTML, like Gecko) Chrome/78.0.3904.108 Safari/537.36 [] {"uid":"b0dc26f"}
[2019-11-25 17:28:28] UTN FRA LOGGER.INFO: ip = [] {"uid":"b0dc26f"}
[2019-11-25 17:29:18] UTN FRA LOGGER.INFO: Datos  =Mozilla/5.0 (Windows NT 10.0; Win64; x64) AppleWebKit/537.36 (KHTML, like Gecko) Chrome/78.0.3904.108 Safari/537.36 [] {"uid":"5b1044b"}
[2019-11-25 17:29:18] UTN FRA LOGGER.INFO: ip = [] {"uid":"5b1044b"}
[2019-11-25 17:29:31] UTN FRA LOGGER.INFO: Datos  =Mozilla/5.0 (Windows NT 10.0; Win64; x64) AppleWebKit/537.36 (KHTML, like Gecko) Chrome/78.0.3904.108 Safari/537.36 [] {"uid":"01a19bf"}
[2019-11-25 17:29:31] UTN FRA LOGGER.INFO: ip = [] {"uid":"01a19bf"}
[2019-11-25 17:30:15] UTN FRA LOGGER.INFO: Datos  =Mozilla/5.0 (Windows NT 10.0; Win64; x64) AppleWebKit/537.36 (KHTML, like Gecko) Chrome/78.0.3904.108 Safari/537.36 [] {"uid":"ac8f89c"}
[2019-11-25 17:30:15] UTN FRA LOGGER.INFO: ip = [] {"uid":"ac8f89c"}
[2019-11-25 17:31:33] UTN FRA LOGGER.INFO: Datos  =Mozilla/5.0 (Windows NT 10.0; Win64; x64) AppleWebKit/537.36 (KHTML, like Gecko) Chrome/78.0.3904.108 Safari/537.36 [] {"uid":"20c664c"}
[2019-11-25 17:31:33] UTN FRA LOGGER.INFO: ip = [] {"uid":"20c664c"}
[2019-11-25 17:34:59] UTN FRA LOGGER.INFO: Datos  =Mozilla/5.0 (Windows NT 10.0; Win64; x64) AppleWebKit/537.36 (KHTML, like Gecko) Chrome/78.0.3904.108 Safari/537.36 [] {"uid":"9807eb2"}
[2019-11-25 17:34:59] UTN FRA LOGGER.INFO: ip = [] {"uid":"9807eb2"}
[2019-11-25 17:35:16] UTN FRA LOGGER.INFO: Datos  =Mozilla/5.0 (Windows NT 10.0; Win64; x64) AppleWebKit/537.36 (KHTML, like Gecko) Chrome/78.0.3904.108 Safari/537.36 [] {"uid":"a22d250"}
[2019-11-25 17:35:16] UTN FRA LOGGER.INFO: ip = [] {"uid":"a22d250"}
[2019-11-25 17:42:38] UTN FRA LOGGER.INFO: Datos  =Mozilla/5.0 (Windows NT 10.0; Win64; x64) AppleWebKit/537.36 (KHTML, like Gecko) Chrome/78.0.3904.108 Safari/537.36 [] {"uid":"22c61c3"}
[2019-11-25 17:42:38] UTN FRA LOGGER.INFO: ip = [] {"uid":"22c61c3"}
[2019-11-25 17:43:06] UTN FRA LOGGER.INFO: Datos  =Mozilla/5.0 (Windows NT 10.0; Win64; x64) AppleWebKit/537.36 (KHTML, like Gecko) Chrome/78.0.3904.108 Safari/537.36 [] {"uid":"6a030c2"}
[2019-11-25 17:43:06] UTN FRA LOGGER.INFO: ip = [] {"uid":"6a030c2"}
[2019-11-25 17:44:49] UTN FRA LOGGER.INFO: Datos  =Mozilla/5.0 (Windows NT 10.0; Win64; x64) AppleWebKit/537.36 (KHTML, like Gecko) Chrome/78.0.3904.108 Safari/537.36 [] {"uid":"328b806"}
[2019-11-25 17:44:49] UTN FRA LOGGER.INFO: ip = [] {"uid":"328b806"}
[2019-11-25 17:45:10] UTN FRA LOGGER.INFO: Datos  =Mozilla/5.0 (Windows NT 10.0; Win64; x64) AppleWebKit/537.36 (KHTML, like Gecko) Chrome/78.0.3904.108 Safari/537.36 [] {"uid":"5d98971"}
[2019-11-25 17:45:10] UTN FRA LOGGER.INFO: ip = [] {"uid":"5d98971"}
[2019-11-25 17:45:32] UTN FRA LOGGER.INFO: Datos  =Mozilla/5.0 (Windows NT 10.0; Win64; x64) AppleWebKit/537.36 (KHTML, like Gecko) Chrome/78.0.3904.108 Safari/537.36 [] {"uid":"6859b36"}
[2019-11-25 17:45:32] UTN FRA LOGGER.INFO: ip = [] {"uid":"6859b36"}
[2019-11-25 17:46:34] UTN FRA LOGGER.INFO: Datos  =Mozilla/5.0 (Windows NT 10.0; Win64; x64) AppleWebKit/537.36 (KHTML, like Gecko) Chrome/78.0.3904.108 Safari/537.36 [] {"uid":"62eaa1a"}
[2019-11-25 17:46:34] UTN FRA LOGGER.INFO: ip = [] {"uid":"62eaa1a"}
[2019-11-25 17:46:47] UTN FRA LOGGER.INFO: Datos  =Mozilla/5.0 (Windows NT 10.0; Win64; x64) AppleWebKit/537.36 (KHTML, like Gecko) Chrome/78.0.3904.108 Safari/537.36 [] {"uid":"97da879"}
[2019-11-25 17:46:47] UTN FRA LOGGER.INFO: ip = [] {"uid":"97da879"}
[2019-11-25 18:01:01] UTN FRA LOGGER.INFO: Datos  =Mozilla/5.0 (Windows NT 10.0; Win64; x64) AppleWebKit/537.36 (KHTML, like Gecko) Chrome/78.0.3904.108 Safari/537.36 [] {"uid":"eee03d0"}
[2019-11-25 18:01:01] UTN FRA LOGGER.INFO: ip = [] {"uid":"eee03d0"}
[2019-11-25 18:03:00] UTN FRA LOGGER.INFO: Datos  =Mozilla/5.0 (Windows NT 10.0; Win64; x64) AppleWebKit/537.36 (KHTML, like Gecko) Chrome/78.0.3904.108 Safari/537.36 [] {"uid":"3350ede"}
[2019-11-25 18:03:00] UTN FRA LOGGER.INFO: ip = [] {"uid":"3350ede"}
[2019-11-25 18:13:53] UTN FRA LOGGER.INFO: Datos  =Mozilla/5.0 (Windows NT 10.0; Win64; x64) AppleWebKit/537.36 (KHTML, like Gecko) Chrome/78.0.3904.108 Safari/537.36 [] {"uid":"342c1b1"}
[2019-11-25 18:13:53] UTN FRA LOGGER.INFO: ip = [] {"uid":"342c1b1"}
[2019-11-25 18:14:44] UTN FRA LOGGER.INFO: Datos  =Mozilla/5.0 (Windows NT 10.0; Win64; x64) AppleWebKit/537.36 (KHTML, like Gecko) Chrome/78.0.3904.108 Safari/537.36 [] {"uid":"cf56fec"}
[2019-11-25 18:14:44] UTN FRA LOGGER.INFO: ip = [] {"uid":"cf56fec"}
[2019-11-25 18:14:51] UTN FRA LOGGER.INFO: Datos  =Mozilla/5.0 (Windows NT 10.0; Win64; x64) AppleWebKit/537.36 (KHTML, like Gecko) Chrome/78.0.3904.108 Safari/537.36 [] {"uid":"5b4e575"}
[2019-11-25 18:14:51] UTN FRA LOGGER.INFO: ip = [] {"uid":"5b4e575"}
[2019-11-25 18:15:32] UTN FRA LOGGER.INFO: Datos  =Mozilla/5.0 (Windows NT 10.0; Win64; x64) AppleWebKit/537.36 (KHTML, like Gecko) Chrome/78.0.3904.108 Safari/537.36 [] {"uid":"75de169"}
[2019-11-25 18:15:32] UTN FRA LOGGER.INFO: ip = [] {"uid":"75de169"}
[2019-11-25 18:15:43] UTN FRA LOGGER.INFO: Datos  =Mozilla/5.0 (Windows NT 10.0; Win64; x64) AppleWebKit/537.36 (KHTML, like Gecko) Chrome/78.0.3904.108 Safari/537.36 [] {"uid":"192c837"}
[2019-11-25 18:15:43] UTN FRA LOGGER.INFO: ip = [] {"uid":"192c837"}
[2019-11-25 18:16:10] UTN FRA LOGGER.INFO: Datos  =Mozilla/5.0 (Windows NT 10.0; Win64; x64) AppleWebKit/537.36 (KHTML, like Gecko) Chrome/78.0.3904.108 Safari/537.36 [] {"uid":"7924fab"}
[2019-11-25 18:16:10] UTN FRA LOGGER.INFO: ip = [] {"uid":"7924fab"}
[2019-11-25 18:20:34] UTN FRA LOGGER.INFO: Datos  =Mozilla/5.0 (Windows NT 10.0; Win64; x64) AppleWebKit/537.36 (KHTML, like Gecko) Chrome/78.0.3904.108 Safari/537.36 [] {"uid":"a2597a3"}
[2019-11-25 18:20:34] UTN FRA LOGGER.INFO: ip = [] {"uid":"a2597a3"}
[2019-11-25 18:20:58] UTN FRA LOGGER.INFO: Datos  =Mozilla/5.0 (Windows NT 10.0; Win64; x64) AppleWebKit/537.36 (KHTML, like Gecko) Chrome/78.0.3904.108 Safari/537.36 [] {"uid":"2057616"}
[2019-11-25 18:20:58] UTN FRA LOGGER.INFO: ip = [] {"uid":"2057616"}
[2019-11-25 18:21:01] UTN FRA LOGGER.INFO: Datos  =Mozilla/5.0 (Windows NT 10.0; Win64; x64) AppleWebKit/537.36 (KHTML, like Gecko) Chrome/78.0.3904.108 Safari/537.36 [] {"uid":"da5d6c4"}
[2019-11-25 18:21:01] UTN FRA LOGGER.INFO: ip = [] {"uid":"da5d6c4"}
[2019-11-25 18:28:31] UTN FRA LOGGER.INFO: Datos  =Mozilla/5.0 (Windows NT 10.0; Win64; x64) AppleWebKit/537.36 (KHTML, like Gecko) Chrome/78.0.3904.108 Safari/537.36 [] {"uid":"bb8dd3b"}
[2019-11-25 18:28:31] UTN FRA LOGGER.INFO: ip = [] {"uid":"bb8dd3b"}
[2019-11-25 18:28:51] UTN FRA LOGGER.INFO: Datos  =Mozilla/5.0 (Windows NT 10.0; Win64; x64) AppleWebKit/537.36 (KHTML, like Gecko) Chrome/78.0.3904.108 Safari/537.36 [] {"uid":"6a2c2a7"}
[2019-11-25 18:28:51] UTN FRA LOGGER.INFO: ip = [] {"uid":"6a2c2a7"}
[2019-11-25 18:30:01] UTN FRA LOGGER.INFO: Datos  =Mozilla/5.0 (Windows NT 10.0; Win64; x64) AppleWebKit/537.36 (KHTML, like Gecko) Chrome/78.0.3904.108 Safari/537.36 [] {"uid":"f3b5eb9"}
[2019-11-25 18:30:01] UTN FRA LOGGER.INFO: ip = [] {"uid":"f3b5eb9"}
[2019-11-25 18:31:16] UTN FRA LOGGER.INFO: Datos  =Mozilla/5.0 (Windows NT 10.0; Win64; x64) AppleWebKit/537.36 (KHTML, like Gecko) Chrome/78.0.3904.108 Safari/537.36 [] {"uid":"5fd15a2"}
[2019-11-25 18:31:16] UTN FRA LOGGER.INFO: ip = [] {"uid":"5fd15a2"}
[2019-11-25 18:37:53] UTN FRA LOGGER.INFO: Datos  =Mozilla/5.0 (Windows NT 10.0; Win64; x64) AppleWebKit/537.36 (KHTML, like Gecko) Chrome/78.0.3904.108 Safari/537.36 [] {"uid":"1a4934c"}
[2019-11-25 18:37:53] UTN FRA LOGGER.INFO: ip = [] {"uid":"1a4934c"}
[2019-11-25 18:37:56] UTN FRA LOGGER.INFO: Datos  =Mozilla/5.0 (Windows NT 10.0; Win64; x64) AppleWebKit/537.36 (KHTML, like Gecko) Chrome/78.0.3904.108 Safari/537.36 [] {"uid":"6dcccb7"}
[2019-11-25 18:37:56] UTN FRA LOGGER.INFO: ip = [] {"uid":"6dcccb7"}
[2019-11-25 18:38:59] UTN FRA LOGGER.INFO: Datos  =Mozilla/5.0 (Windows NT 10.0; Win64; x64) AppleWebKit/537.36 (KHTML, like Gecko) Chrome/78.0.3904.108 Safari/537.36 [] {"uid":"cdd6421"}
[2019-11-25 18:38:59] UTN FRA LOGGER.INFO: ip = [] {"uid":"cdd6421"}
[2019-11-25 18:39:12] UTN FRA LOGGER.INFO: Datos  =Mozilla/5.0 (Windows NT 10.0; Win64; x64) AppleWebKit/537.36 (KHTML, like Gecko) Chrome/78.0.3904.108 Safari/537.36 [] {"uid":"f1d130f"}
[2019-11-25 18:39:12] UTN FRA LOGGER.INFO: ip = [] {"uid":"f1d130f"}
[2019-11-25 18:39:20] UTN FRA LOGGER.INFO: Datos  =Mozilla/5.0 (Windows NT 10.0; Win64; x64) AppleWebKit/537.36 (KHTML, like Gecko) Chrome/78.0.3904.108 Safari/537.36 [] {"uid":"dc57f98"}
[2019-11-25 18:39:20] UTN FRA LOGGER.INFO: ip = [] {"uid":"dc57f98"}
[2019-11-25 18:39:52] UTN FRA LOGGER.INFO: Datos  =Mozilla/5.0 (Windows NT 10.0; Win64; x64) AppleWebKit/537.36 (KHTML, like Gecko) Chrome/78.0.3904.108 Safari/537.36 [] {"uid":"0319cf5"}
[2019-11-25 18:39:52] UTN FRA LOGGER.INFO: ip = [] {"uid":"0319cf5"}
[2019-11-25 18:40:03] UTN FRA LOGGER.INFO: Datos  =Mozilla/5.0 (Windows NT 10.0; Win64; x64) AppleWebKit/537.36 (KHTML, like Gecko) Chrome/78.0.3904.108 Safari/537.36 [] {"uid":"4e86f3e"}
[2019-11-25 18:40:03] UTN FRA LOGGER.INFO: ip = [] {"uid":"4e86f3e"}
[2019-11-25 18:40:18] UTN FRA LOGGER.INFO: Datos  =Mozilla/5.0 (Windows NT 10.0; Win64; x64) AppleWebKit/537.36 (KHTML, like Gecko) Chrome/78.0.3904.108 Safari/537.36 [] {"uid":"9b8d9e1"}
[2019-11-25 18:40:18] UTN FRA LOGGER.INFO: ip = [] {"uid":"9b8d9e1"}
[2019-11-25 18:40:29] UTN FRA LOGGER.INFO: Datos  =Mozilla/5.0 (Windows NT 10.0; Win64; x64) AppleWebKit/537.36 (KHTML, like Gecko) Chrome/78.0.3904.108 Safari/537.36 [] {"uid":"376d680"}
[2019-11-25 18:40:29] UTN FRA LOGGER.INFO: ip = [] {"uid":"376d680"}
[2019-11-25 18:40:39] UTN FRA LOGGER.INFO: Datos  =Mozilla/5.0 (Windows NT 10.0; Win64; x64) AppleWebKit/537.36 (KHTML, like Gecko) Chrome/78.0.3904.108 Safari/537.36 [] {"uid":"02cab7c"}
[2019-11-25 18:40:39] UTN FRA LOGGER.INFO: ip = [] {"uid":"02cab7c"}
[2019-11-25 18:42:41] UTN FRA LOGGER.INFO: Datos  =Mozilla/5.0 (Windows NT 10.0; Win64; x64) AppleWebKit/537.36 (KHTML, like Gecko) Chrome/78.0.3904.108 Safari/537.36 [] {"uid":"1edd41e"}
[2019-11-25 18:42:41] UTN FRA LOGGER.INFO: ip = [] {"uid":"1edd41e"}
[2019-11-25 18:43:23] UTN FRA LOGGER.INFO: Datos  =Mozilla/5.0 (Windows NT 10.0; Win64; x64) AppleWebKit/537.36 (KHTML, like Gecko) Chrome/78.0.3904.108 Safari/537.36 [] {"uid":"f4b3f5b"}
[2019-11-25 18:43:23] UTN FRA LOGGER.INFO: ip = [] {"uid":"f4b3f5b"}
[2019-11-25 18:44:00] UTN FRA LOGGER.INFO: Datos  =Mozilla/5.0 (Windows NT 10.0; Win64; x64) AppleWebKit/537.36 (KHTML, like Gecko) Chrome/78.0.3904.108 Safari/537.36 [] {"uid":"531debb"}
[2019-11-25 18:44:00] UTN FRA LOGGER.INFO: ip = [] {"uid":"531debb"}
[2019-11-25 18:44:37] UTN FRA LOGGER.INFO: Datos  =Mozilla/5.0 (Windows NT 10.0; Win64; x64) AppleWebKit/537.36 (KHTML, like Gecko) Chrome/78.0.3904.108 Safari/537.36 [] {"uid":"a7f511c"}
[2019-11-25 18:44:37] UTN FRA LOGGER.INFO: ip = [] {"uid":"a7f511c"}
[2019-11-25 18:44:54] UTN FRA LOGGER.INFO: Datos  =Mozilla/5.0 (Windows NT 10.0; Win64; x64) AppleWebKit/537.36 (KHTML, like Gecko) Chrome/78.0.3904.108 Safari/537.36 [] {"uid":"11406bf"}
[2019-11-25 18:44:54] UTN FRA LOGGER.INFO: ip = [] {"uid":"11406bf"}
[2019-11-25 18:44:56] UTN FRA LOGGER.INFO: Datos  =Mozilla/5.0 (Windows NT 10.0; Win64; x64) AppleWebKit/537.36 (KHTML, like Gecko) Chrome/78.0.3904.108 Safari/537.36 [] {"uid":"82f01e2"}
[2019-11-25 18:44:57] UTN FRA LOGGER.INFO: ip = [] {"uid":"82f01e2"}
[2019-11-25 18:45:06] UTN FRA LOGGER.INFO: Datos  =Mozilla/5.0 (Windows NT 10.0; Win64; x64) AppleWebKit/537.36 (KHTML, like Gecko) Chrome/78.0.3904.108 Safari/537.36 [] {"uid":"2d09cc8"}
[2019-11-25 18:45:06] UTN FRA LOGGER.INFO: ip = [] {"uid":"2d09cc8"}
[2019-11-25 18:50:49] UTN FRA LOGGER.INFO: Datos  =Mozilla/5.0 (Windows NT 10.0; Win64; x64) AppleWebKit/537.36 (KHTML, like Gecko) Chrome/78.0.3904.108 Safari/537.36 [] {"uid":"3487449"}
[2019-11-25 18:50:49] UTN FRA LOGGER.INFO: ip = [] {"uid":"3487449"}
[2019-11-25 18:51:51] UTN FRA LOGGER.INFO: Datos  =Mozilla/5.0 (Windows NT 10.0; Win64; x64) AppleWebKit/537.36 (KHTML, like Gecko) Chrome/78.0.3904.108 Safari/537.36 [] {"uid":"5d39db3"}
[2019-11-25 18:51:51] UTN FRA LOGGER.INFO: ip = [] {"uid":"5d39db3"}
[2019-11-25 18:55:27] UTN FRA LOGGER.INFO: Datos  =Mozilla/5.0 (Windows NT 10.0; Win64; x64) AppleWebKit/537.36 (KHTML, like Gecko) Chrome/78.0.3904.108 Safari/537.36 [] {"uid":"d58f488"}
[2019-11-25 18:55:27] UTN FRA LOGGER.INFO: ip = [] {"uid":"d58f488"}
[2019-11-25 18:56:08] UTN FRA LOGGER.INFO: Datos  =Mozilla/5.0 (Windows NT 10.0; Win64; x64) AppleWebKit/537.36 (KHTML, like Gecko) Chrome/78.0.3904.108 Safari/537.36 [] {"uid":"eb8efbc"}
[2019-11-25 18:56:08] UTN FRA LOGGER.INFO: ip = [] {"uid":"eb8efbc"}
[2019-11-25 18:56:51] UTN FRA LOGGER.INFO: Datos  =Mozilla/5.0 (Windows NT 10.0; Win64; x64) AppleWebKit/537.36 (KHTML, like Gecko) Chrome/78.0.3904.108 Safari/537.36 [] {"uid":"66ad938"}
[2019-11-25 18:56:51] UTN FRA LOGGER.INFO: ip = [] {"uid":"66ad938"}
[2019-11-25 19:02:57] UTN FRA LOGGER.INFO: Datos  =Mozilla/5.0 (Windows NT 10.0; Win64; x64) AppleWebKit/537.36 (KHTML, like Gecko) Chrome/78.0.3904.108 Safari/537.36 [] {"uid":"8e66e61"}
[2019-11-25 19:02:57] UTN FRA LOGGER.INFO: ip = [] {"uid":"8e66e61"}
[2019-11-25 19:11:34] UTN FRA LOGGER.INFO: Datos  =Mozilla/5.0 (Windows NT 10.0; Win64; x64) AppleWebKit/537.36 (KHTML, like Gecko) Chrome/78.0.3904.108 Safari/537.36 [] {"uid":"ea7a7b9"}
[2019-11-25 19:11:34] UTN FRA LOGGER.INFO: ip = [] {"uid":"ea7a7b9"}
[2019-11-25 19:12:18] UTN FRA LOGGER.INFO: Datos  =Mozilla/5.0 (Windows NT 10.0; Win64; x64) AppleWebKit/537.36 (KHTML, like Gecko) Chrome/78.0.3904.108 Safari/537.36 [] {"uid":"0ab3410"}
[2019-11-25 19:12:18] UTN FRA LOGGER.INFO: ip = [] {"uid":"0ab3410"}
[2019-11-25 19:12:42] UTN FRA LOGGER.INFO: Datos  =Mozilla/5.0 (Windows NT 10.0; Win64; x64) AppleWebKit/537.36 (KHTML, like Gecko) Chrome/78.0.3904.108 Safari/537.36 [] {"uid":"bdf082b"}
[2019-11-25 19:12:42] UTN FRA LOGGER.INFO: ip = [] {"uid":"bdf082b"}
[2019-11-25 19:14:25] UTN FRA LOGGER.INFO: Datos  =Mozilla/5.0 (Windows NT 10.0; Win64; x64) AppleWebKit/537.36 (KHTML, like Gecko) Chrome/78.0.3904.108 Safari/537.36 [] {"uid":"e8f5458"}
[2019-11-25 19:14:25] UTN FRA LOGGER.INFO: ip = [] {"uid":"e8f5458"}
[2019-11-25 19:53:38] UTN FRA LOGGER.INFO: Datos  =Mozilla/5.0 (Windows NT 10.0; Win64; x64) AppleWebKit/537.36 (KHTML, like Gecko) Chrome/78.0.3904.108 Safari/537.36 [] {"uid":"02b1502"}
[2019-11-25 19:53:38] UTN FRA LOGGER.INFO: ip = [] {"uid":"02b1502"}
[2019-11-25 19:55:42] UTN FRA LOGGER.INFO: Datos  =Mozilla/5.0 (Windows NT 10.0; Win64; x64) AppleWebKit/537.36 (KHTML, like Gecko) Chrome/78.0.3904.108 Safari/537.36 [] {"uid":"b07daa7"}
[2019-11-25 19:55:42] UTN FRA LOGGER.INFO: ip = [] {"uid":"b07daa7"}
[2019-11-25 22:38:23] UTN FRA LOGGER.INFO: Datos  =Mozilla/5.0 (Windows NT 6.1; Win64; x64) AppleWebKit/537.36 (KHTML, like Gecko) Chrome/76.0.3809.132 Safari/537.36 [] {"uid":"103da7c"}
[2019-11-25 22:38:23] UTN FRA LOGGER.INFO: ip = [] {"uid":"103da7c"}
[2019-11-25 22:39:35] UTN FRA LOGGER.INFO: Datos  =Mozilla/5.0 (Windows NT 6.1; Win64; x64) AppleWebKit/537.36 (KHTML, like Gecko) Chrome/76.0.3809.132 Safari/537.36 [] {"uid":"b4bf6e5"}
[2019-11-25 22:39:35] UTN FRA LOGGER.INFO: ip = [] {"uid":"b4bf6e5"}
[2019-11-25 22:39:45] UTN FRA LOGGER.INFO: Datos  =Mozilla/5.0 (Windows NT 6.1; Win64; x64) AppleWebKit/537.36 (KHTML, like Gecko) Chrome/76.0.3809.132 Safari/537.36 [] {"uid":"aaef2df"}
[2019-11-25 22:39:45] UTN FRA LOGGER.INFO: ip = [] {"uid":"aaef2df"}
[2019-11-25 22:51:51] UTN FRA LOGGER.INFO: Datos  =Mozilla/5.0 (Windows NT 6.1; Win64; x64) AppleWebKit/537.36 (KHTML, like Gecko) Chrome/76.0.3809.132 Safari/537.36 [] {"uid":"a1b98eb"}
[2019-11-25 22:51:51] UTN FRA LOGGER.INFO: ip = [] {"uid":"a1b98eb"}
[2019-11-25 22:52:31] UTN FRA LOGGER.INFO: Datos  =Mozilla/5.0 (Windows NT 6.1; Win64; x64) AppleWebKit/537.36 (KHTML, like Gecko) Chrome/76.0.3809.132 Safari/537.36 [] {"uid":"ca45b2b"}
[2019-11-25 22:52:31] UTN FRA LOGGER.INFO: ip = [] {"uid":"ca45b2b"}
[2019-11-25 22:53:21] UTN FRA LOGGER.INFO: Datos  =Mozilla/5.0 (Windows NT 6.1; Win64; x64) AppleWebKit/537.36 (KHTML, like Gecko) Chrome/76.0.3809.132 Safari/537.36 [] {"uid":"029267b"}
[2019-11-25 22:53:21] UTN FRA LOGGER.INFO: ip = [] {"uid":"029267b"}
[2019-11-25 22:54:14] UTN FRA LOGGER.INFO: Datos  =Mozilla/5.0 (Windows NT 6.1; Win64; x64) AppleWebKit/537.36 (KHTML, like Gecko) Chrome/76.0.3809.132 Safari/537.36 [] {"uid":"9280695"}
[2019-11-25 22:54:14] UTN FRA LOGGER.INFO: ip = [] {"uid":"9280695"}
[2019-11-25 22:54:37] UTN FRA LOGGER.INFO: Datos  =Mozilla/5.0 (Windows NT 6.1; Win64; x64) AppleWebKit/537.36 (KHTML, like Gecko) Chrome/76.0.3809.132 Safari/537.36 [] {"uid":"86c3f15"}
[2019-11-25 22:54:37] UTN FRA LOGGER.INFO: ip = [] {"uid":"86c3f15"}
[2019-11-25 22:55:54] UTN FRA LOGGER.INFO: Datos  =Mozilla/5.0 (Windows NT 6.1; Win64; x64) AppleWebKit/537.36 (KHTML, like Gecko) Chrome/76.0.3809.132 Safari/537.36 [] {"uid":"8bb553a"}
[2019-11-25 22:55:54] UTN FRA LOGGER.INFO: ip = [] {"uid":"8bb553a"}
[2019-11-25 22:56:52] UTN FRA LOGGER.INFO: Datos  =Mozilla/5.0 (Windows NT 6.1; Win64; x64) AppleWebKit/537.36 (KHTML, like Gecko) Chrome/76.0.3809.132 Safari/537.36 [] {"uid":"0acd812"}
[2019-11-25 22:56:52] UTN FRA LOGGER.INFO: ip = [] {"uid":"0acd812"}
[2019-11-25 22:58:54] UTN FRA LOGGER.INFO: Datos  =Mozilla/5.0 (Windows NT 6.1; Win64; x64) AppleWebKit/537.36 (KHTML, like Gecko) Chrome/76.0.3809.132 Safari/537.36 [] {"uid":"43a1466"}
[2019-11-25 22:58:54] UTN FRA LOGGER.INFO: ip = [] {"uid":"43a1466"}
[2019-11-25 22:59:54] UTN FRA LOGGER.INFO: Datos  =Mozilla/5.0 (Windows NT 6.1; Win64; x64) AppleWebKit/537.36 (KHTML, like Gecko) Chrome/76.0.3809.132 Safari/537.36 [] {"uid":"86c51a3"}
[2019-11-25 22:59:54] UTN FRA LOGGER.INFO: ip = [] {"uid":"86c51a3"}
[2019-11-25 23:01:02] UTN FRA LOGGER.INFO: Datos  =Mozilla/5.0 (Windows NT 6.1; Win64; x64) AppleWebKit/537.36 (KHTML, like Gecko) Chrome/76.0.3809.132 Safari/537.36 [] {"uid":"93d2086"}
[2019-11-25 23:01:02] UTN FRA LOGGER.INFO: ip = [] {"uid":"93d2086"}
[2019-11-25 23:01:41] UTN FRA LOGGER.INFO: Datos  =Mozilla/5.0 (Windows NT 6.1; Win64; x64) AppleWebKit/537.36 (KHTML, like Gecko) Chrome/76.0.3809.132 Safari/537.36 [] {"uid":"18702d7"}
[2019-11-25 23:01:41] UTN FRA LOGGER.INFO: ip = [] {"uid":"18702d7"}
[2019-11-25 23:02:57] UTN FRA LOGGER.INFO: Datos  =Mozilla/5.0 (Windows NT 6.1; Win64; x64) AppleWebKit/537.36 (KHTML, like Gecko) Chrome/76.0.3809.132 Safari/537.36 [] {"uid":"a62aad3"}
[2019-11-25 23:02:57] UTN FRA LOGGER.INFO: ip = [] {"uid":"a62aad3"}
[2019-11-25 23:03:33] UTN FRA LOGGER.INFO: Datos  =Mozilla/5.0 (Windows NT 6.1; Win64; x64) AppleWebKit/537.36 (KHTML, like Gecko) Chrome/76.0.3809.132 Safari/537.36 [] {"uid":"7ed19e4"}
[2019-11-25 23:03:33] UTN FRA LOGGER.INFO: ip = [] {"uid":"7ed19e4"}
[2019-11-25 23:07:51] UTN FRA LOGGER.INFO: Datos  =Mozilla/5.0 (Windows NT 6.1; Win64; x64) AppleWebKit/537.36 (KHTML, like Gecko) Chrome/76.0.3809.132 Safari/537.36 [] {"uid":"c3382ee"}
[2019-11-25 23:07:51] UTN FRA LOGGER.INFO: ip = [] {"uid":"c3382ee"}
[2019-11-25 23:11:46] UTN FRA LOGGER.INFO: Datos  =Mozilla/5.0 (Windows NT 6.1; Win64; x64) AppleWebKit/537.36 (KHTML, like Gecko) Chrome/76.0.3809.132 Safari/537.36 [] {"uid":"08c653b"}
[2019-11-25 23:11:46] UTN FRA LOGGER.INFO: ip = [] {"uid":"08c653b"}
[2019-11-25 23:17:13] UTN FRA LOGGER.INFO: Datos  =Mozilla/5.0 (Windows NT 6.1; Win64; x64) AppleWebKit/537.36 (KHTML, like Gecko) Chrome/76.0.3809.132 Safari/537.36 [] {"uid":"5fc2dba"}
[2019-11-25 23:17:13] UTN FRA LOGGER.INFO: ip = [] {"uid":"5fc2dba"}
[2019-11-25 23:17:37] UTN FRA LOGGER.INFO: Datos  =Mozilla/5.0 (Windows NT 6.1; Win64; x64) AppleWebKit/537.36 (KHTML, like Gecko) Chrome/76.0.3809.132 Safari/537.36 [] {"uid":"51d7a35"}
[2019-11-25 23:17:37] UTN FRA LOGGER.INFO: ip = [] {"uid":"51d7a35"}
[2019-11-25 23:29:00] UTN FRA LOGGER.INFO: Datos  =Mozilla/5.0 (Windows NT 6.1; Win64; x64) AppleWebKit/537.36 (KHTML, like Gecko) Chrome/76.0.3809.132 Safari/537.36 [] {"uid":"4008d81"}
[2019-11-25 23:29:00] UTN FRA LOGGER.INFO: ip = [] {"uid":"4008d81"}
[2019-11-25 23:29:41] UTN FRA LOGGER.INFO: Datos  =Mozilla/5.0 (Windows NT 6.1; Win64; x64) AppleWebKit/537.36 (KHTML, like Gecko) Chrome/76.0.3809.132 Safari/537.36 [] {"uid":"60606df"}
[2019-11-25 23:29:41] UTN FRA LOGGER.INFO: ip = [] {"uid":"60606df"}
[2019-11-25 23:29:49] UTN FRA LOGGER.INFO: Datos  =Mozilla/5.0 (Windows NT 6.1; Win64; x64) AppleWebKit/537.36 (KHTML, like Gecko) Chrome/76.0.3809.132 Safari/537.36 [] {"uid":"8a2df47"}
[2019-11-25 23:29:49] UTN FRA LOGGER.INFO: ip = [] {"uid":"8a2df47"}
[2019-11-25 23:32:50] UTN FRA LOGGER.INFO: Datos  =Mozilla/5.0 (Windows NT 6.1; Win64; x64) AppleWebKit/537.36 (KHTML, like Gecko) Chrome/76.0.3809.132 Safari/537.36 [] {"uid":"d5910fb"}
[2019-11-25 23:32:50] UTN FRA LOGGER.INFO: ip = [] {"uid":"d5910fb"}
[2019-11-25 23:34:25] UTN FRA LOGGER.INFO: Datos  =Mozilla/5.0 (Windows NT 6.1; Win64; x64) AppleWebKit/537.36 (KHTML, like Gecko) Chrome/76.0.3809.132 Safari/537.36 [] {"uid":"6c1c040"}
[2019-11-25 23:34:25] UTN FRA LOGGER.INFO: ip = [] {"uid":"6c1c040"}
[2019-11-25 23:34:44] UTN FRA LOGGER.INFO: Datos  =Mozilla/5.0 (Windows NT 6.1; Win64; x64) AppleWebKit/537.36 (KHTML, like Gecko) Chrome/76.0.3809.132 Safari/537.36 [] {"uid":"d764ba5"}
[2019-11-25 23:34:44] UTN FRA LOGGER.INFO: ip = [] {"uid":"d764ba5"}
[2019-11-25 23:35:34] UTN FRA LOGGER.INFO: Datos  =Mozilla/5.0 (Windows NT 6.1; Win64; x64) AppleWebKit/537.36 (KHTML, like Gecko) Chrome/76.0.3809.132 Safari/537.36 [] {"uid":"d18a46d"}
[2019-11-25 23:35:34] UTN FRA LOGGER.INFO: ip = [] {"uid":"d18a46d"}
[2019-11-25 23:37:14] UTN FRA LOGGER.INFO: Datos  =Mozilla/5.0 (Windows NT 6.1; Win64; x64) AppleWebKit/537.36 (KHTML, like Gecko) Chrome/76.0.3809.132 Safari/537.36 [] {"uid":"da9aaa3"}
[2019-11-25 23:37:14] UTN FRA LOGGER.INFO: ip = [] {"uid":"da9aaa3"}
[2019-11-25 23:41:38] UTN FRA LOGGER.INFO: Datos  =Mozilla/5.0 (Windows NT 6.1; Win64; x64) AppleWebKit/537.36 (KHTML, like Gecko) Chrome/76.0.3809.132 Safari/537.36 [] {"uid":"5a67068"}
[2019-11-25 23:41:38] UTN FRA LOGGER.INFO: ip = [] {"uid":"5a67068"}
[2019-11-25 23:42:14] UTN FRA LOGGER.INFO: Datos  =Mozilla/5.0 (Windows NT 6.1; Win64; x64) AppleWebKit/537.36 (KHTML, like Gecko) Chrome/76.0.3809.132 Safari/537.36 [] {"uid":"e3014ed"}
[2019-11-25 23:42:14] UTN FRA LOGGER.INFO: ip = [] {"uid":"e3014ed"}
[2019-11-25 23:43:09] UTN FRA LOGGER.INFO: Datos  =Mozilla/5.0 (Windows NT 6.1; Win64; x64) AppleWebKit/537.36 (KHTML, like Gecko) Chrome/76.0.3809.132 Safari/537.36 [] {"uid":"bcf7b3e"}
[2019-11-25 23:43:09] UTN FRA LOGGER.INFO: ip = [] {"uid":"bcf7b3e"}
[2019-11-25 23:43:36] UTN FRA LOGGER.INFO: Datos  =Mozilla/5.0 (Windows NT 6.1; Win64; x64) AppleWebKit/537.36 (KHTML, like Gecko) Chrome/76.0.3809.132 Safari/537.36 [] {"uid":"12246d3"}
[2019-11-25 23:43:36] UTN FRA LOGGER.INFO: ip = [] {"uid":"12246d3"}
[2019-11-25 23:45:53] UTN FRA LOGGER.INFO: Datos  =Mozilla/5.0 (Windows NT 6.1; Win64; x64) AppleWebKit/537.36 (KHTML, like Gecko) Chrome/76.0.3809.132 Safari/537.36 [] {"uid":"309bad6"}
[2019-11-25 23:45:53] UTN FRA LOGGER.INFO: ip = [] {"uid":"309bad6"}
[2019-11-25 23:46:15] UTN FRA LOGGER.INFO: Datos  =Mozilla/5.0 (Windows NT 6.1; Win64; x64) AppleWebKit/537.36 (KHTML, like Gecko) Chrome/76.0.3809.132 Safari/537.36 [] {"uid":"eebb383"}
[2019-11-25 23:46:15] UTN FRA LOGGER.INFO: ip = [] {"uid":"eebb383"}
[2019-11-25 23:47:48] UTN FRA LOGGER.INFO: Datos  =Mozilla/5.0 (Windows NT 6.1; Win64; x64) AppleWebKit/537.36 (KHTML, like Gecko) Chrome/76.0.3809.132 Safari/537.36 [] {"uid":"0caf089"}
[2019-11-25 23:47:48] UTN FRA LOGGER.INFO: ip = [] {"uid":"0caf089"}
[2019-11-25 23:49:33] UTN FRA LOGGER.INFO: Datos  =Mozilla/5.0 (Windows NT 6.1; Win64; x64) AppleWebKit/537.36 (KHTML, like Gecko) Chrome/76.0.3809.132 Safari/537.36 [] {"uid":"eb3506a"}
[2019-11-25 23:49:33] UTN FRA LOGGER.INFO: ip = [] {"uid":"eb3506a"}
[2019-11-25 23:50:16] UTN FRA LOGGER.INFO: Datos  =Mozilla/5.0 (Windows NT 6.1; Win64; x64) AppleWebKit/537.36 (KHTML, like Gecko) Chrome/76.0.3809.132 Safari/537.36 [] {"uid":"eccace8"}
[2019-11-25 23:50:16] UTN FRA LOGGER.INFO: ip = [] {"uid":"eccace8"}
[2019-11-25 23:50:49] UTN FRA LOGGER.INFO: Datos  =Mozilla/5.0 (Windows NT 6.1; Win64; x64) AppleWebKit/537.36 (KHTML, like Gecko) Chrome/76.0.3809.132 Safari/537.36 [] {"uid":"e5aecd6"}
[2019-11-25 23:50:49] UTN FRA LOGGER.INFO: ip = [] {"uid":"e5aecd6"}
[2019-11-25 23:52:27] UTN FRA LOGGER.INFO: Datos  =Mozilla/5.0 (Windows NT 6.1; Win64; x64) AppleWebKit/537.36 (KHTML, like Gecko) Chrome/76.0.3809.132 Safari/537.36 [] {"uid":"d7c25c9"}
[2019-11-25 23:52:27] UTN FRA LOGGER.INFO: ip = [] {"uid":"d7c25c9"}
[2019-11-25 23:54:20] UTN FRA LOGGER.INFO: Datos  =Mozilla/5.0 (Windows NT 6.1; Win64; x64) AppleWebKit/537.36 (KHTML, like Gecko) Chrome/76.0.3809.132 Safari/537.36 [] {"uid":"a2db9bb"}
[2019-11-25 23:54:20] UTN FRA LOGGER.INFO: ip = [] {"uid":"a2db9bb"}
[2019-11-25 23:56:08] UTN FRA LOGGER.INFO: Datos  =Mozilla/5.0 (Windows NT 6.1; Win64; x64) AppleWebKit/537.36 (KHTML, like Gecko) Chrome/76.0.3809.132 Safari/537.36 [] {"uid":"cca82d8"}
[2019-11-25 23:56:08] UTN FRA LOGGER.INFO: ip = [] {"uid":"cca82d8"}
[2019-11-25 23:56:28] UTN FRA LOGGER.INFO: Datos  =Mozilla/5.0 (Windows NT 6.1; Win64; x64) AppleWebKit/537.36 (KHTML, like Gecko) Chrome/76.0.3809.132 Safari/537.36 [] {"uid":"5b84d0a"}
[2019-11-25 23:56:28] UTN FRA LOGGER.INFO: ip = [] {"uid":"5b84d0a"}
[2019-11-25 23:56:43] UTN FRA LOGGER.INFO: Datos  =Mozilla/5.0 (Windows NT 6.1; Win64; x64) AppleWebKit/537.36 (KHTML, like Gecko) Chrome/76.0.3809.132 Safari/537.36 [] {"uid":"6121141"}
[2019-11-25 23:56:43] UTN FRA LOGGER.INFO: ip = [] {"uid":"6121141"}
[2019-11-25 23:58:02] UTN FRA LOGGER.INFO: Datos  =Mozilla/5.0 (Windows NT 6.1; Win64; x64) AppleWebKit/537.36 (KHTML, like Gecko) Chrome/76.0.3809.132 Safari/537.36 [] {"uid":"94afe79"}
[2019-11-25 23:58:02] UTN FRA LOGGER.INFO: ip = [] {"uid":"94afe79"}
[2019-11-25 23:58:24] UTN FRA LOGGER.INFO: Datos  =Mozilla/5.0 (Windows NT 6.1; Win64; x64) AppleWebKit/537.36 (KHTML, like Gecko) Chrome/76.0.3809.132 Safari/537.36 [] {"uid":"257c2e9"}
[2019-11-25 23:58:24] UTN FRA LOGGER.INFO: ip = [] {"uid":"257c2e9"}
[2019-11-25 23:58:34] UTN FRA LOGGER.INFO: Datos  =Mozilla/5.0 (Windows NT 6.1; Win64; x64) AppleWebKit/537.36 (KHTML, like Gecko) Chrome/76.0.3809.132 Safari/537.36 [] {"uid":"9565511"}
[2019-11-25 23:58:34] UTN FRA LOGGER.INFO: ip = [] {"uid":"9565511"}
[2019-11-26 00:10:52] UTN FRA LOGGER.INFO: Datos  =Mozilla/5.0 (Windows NT 6.1; Win64; x64) AppleWebKit/537.36 (KHTML, like Gecko) Chrome/76.0.3809.132 Safari/537.36 [] {"uid":"1c4e8dd"}
[2019-11-26 00:10:52] UTN FRA LOGGER.INFO: ip = [] {"uid":"1c4e8dd"}
[2019-11-26 00:11:09] UTN FRA LOGGER.INFO: Datos  =Mozilla/5.0 (Windows NT 6.1; Win64; x64) AppleWebKit/537.36 (KHTML, like Gecko) Chrome/76.0.3809.132 Safari/537.36 [] {"uid":"a28475b"}
[2019-11-26 00:11:09] UTN FRA LOGGER.INFO: ip = [] {"uid":"a28475b"}
[2019-11-26 00:11:49] UTN FRA LOGGER.INFO: Datos  =Mozilla/5.0 (Windows NT 6.1; Win64; x64) AppleWebKit/537.36 (KHTML, like Gecko) Chrome/76.0.3809.132 Safari/537.36 [] {"uid":"5d33d11"}
[2019-11-26 00:11:49] UTN FRA LOGGER.INFO: ip = [] {"uid":"5d33d11"}
[2019-11-26 00:11:58] UTN FRA LOGGER.INFO: Datos  =Mozilla/5.0 (Windows NT 6.1; Win64; x64) AppleWebKit/537.36 (KHTML, like Gecko) Chrome/76.0.3809.132 Safari/537.36 [] {"uid":"fa79718"}
[2019-11-26 00:11:58] UTN FRA LOGGER.INFO: ip = [] {"uid":"fa79718"}
[2019-11-26 00:12:20] UTN FRA LOGGER.INFO: Datos  =Mozilla/5.0 (Windows NT 6.1; Win64; x64) AppleWebKit/537.36 (KHTML, like Gecko) Chrome/76.0.3809.132 Safari/537.36 [] {"uid":"1f1978c"}
[2019-11-26 00:12:20] UTN FRA LOGGER.INFO: ip = [] {"uid":"1f1978c"}
[2019-11-26 00:12:54] UTN FRA LOGGER.INFO: Datos  =Mozilla/5.0 (Windows NT 6.1; Win64; x64) AppleWebKit/537.36 (KHTML, like Gecko) Chrome/76.0.3809.132 Safari/537.36 [] {"uid":"d258205"}
[2019-11-26 00:12:54] UTN FRA LOGGER.INFO: ip = [] {"uid":"d258205"}
[2019-11-26 00:13:15] UTN FRA LOGGER.INFO: Datos  =Mozilla/5.0 (Windows NT 6.1; Win64; x64) AppleWebKit/537.36 (KHTML, like Gecko) Chrome/76.0.3809.132 Safari/537.36 [] {"uid":"59598ca"}
[2019-11-26 00:13:15] UTN FRA LOGGER.INFO: ip = [] {"uid":"59598ca"}
[2019-11-26 00:13:23] UTN FRA LOGGER.INFO: Datos  =Mozilla/5.0 (Windows NT 6.1; Win64; x64) AppleWebKit/537.36 (KHTML, like Gecko) Chrome/76.0.3809.132 Safari/537.36 [] {"uid":"0c43723"}
[2019-11-26 00:13:23] UTN FRA LOGGER.INFO: ip = [] {"uid":"0c43723"}
[2019-11-26 00:13:30] UTN FRA LOGGER.INFO: Datos  =Mozilla/5.0 (Windows NT 6.1; Win64; x64) AppleWebKit/537.36 (KHTML, like Gecko) Chrome/76.0.3809.132 Safari/537.36 [] {"uid":"2444240"}
[2019-11-26 00:13:30] UTN FRA LOGGER.INFO: ip = [] {"uid":"2444240"}
[2019-11-26 00:13:54] UTN FRA LOGGER.INFO: Datos  =Mozilla/5.0 (Windows NT 6.1; Win64; x64) AppleWebKit/537.36 (KHTML, like Gecko) Chrome/76.0.3809.132 Safari/537.36 [] {"uid":"5a2d363"}
[2019-11-26 00:13:54] UTN FRA LOGGER.INFO: ip = [] {"uid":"5a2d363"}
[2019-11-26 00:14:42] UTN FRA LOGGER.INFO: Datos  =Mozilla/5.0 (Windows NT 6.1; Win64; x64) AppleWebKit/537.36 (KHTML, like Gecko) Chrome/76.0.3809.132 Safari/537.36 [] {"uid":"8d28f86"}
[2019-11-26 00:14:42] UTN FRA LOGGER.INFO: ip = [] {"uid":"8d28f86"}
[2019-11-26 00:14:50] UTN FRA LOGGER.INFO: Datos  =Mozilla/5.0 (Windows NT 6.1; Win64; x64) AppleWebKit/537.36 (KHTML, like Gecko) Chrome/76.0.3809.132 Safari/537.36 [] {"uid":"afd1bf1"}
[2019-11-26 00:14:50] UTN FRA LOGGER.INFO: ip = [] {"uid":"afd1bf1"}
[2019-11-26 00:19:57] UTN FRA LOGGER.INFO: Datos  =Mozilla/5.0 (Windows NT 6.1; Win64; x64) AppleWebKit/537.36 (KHTML, like Gecko) Chrome/76.0.3809.132 Safari/537.36 [] {"uid":"a03e66b"}
[2019-11-26 00:19:57] UTN FRA LOGGER.INFO: ip = [] {"uid":"a03e66b"}
[2019-11-26 00:20:12] UTN FRA LOGGER.INFO: Datos  =Mozilla/5.0 (Windows NT 6.1; Win64; x64) AppleWebKit/537.36 (KHTML, like Gecko) Chrome/76.0.3809.132 Safari/537.36 [] {"uid":"cf18808"}
[2019-11-26 00:20:12] UTN FRA LOGGER.INFO: ip = [] {"uid":"cf18808"}
[2019-11-26 00:21:07] UTN FRA LOGGER.INFO: Datos  =Mozilla/5.0 (Windows NT 6.1; Win64; x64) AppleWebKit/537.36 (KHTML, like Gecko) Chrome/76.0.3809.132 Safari/537.36 [] {"uid":"5adacbb"}
[2019-11-26 00:21:07] UTN FRA LOGGER.INFO: ip = [] {"uid":"5adacbb"}
[2019-11-26 00:24:41] UTN FRA LOGGER.INFO: Datos  =Mozilla/5.0 (Windows NT 6.1; Win64; x64) AppleWebKit/537.36 (KHTML, like Gecko) Chrome/76.0.3809.132 Safari/537.36 [] {"uid":"fb4f17f"}
[2019-11-26 00:24:41] UTN FRA LOGGER.INFO: ip = [] {"uid":"fb4f17f"}
[2019-11-26 00:27:45] UTN FRA LOGGER.INFO: Datos  =Mozilla/5.0 (Windows NT 6.1; Win64; x64) AppleWebKit/537.36 (KHTML, like Gecko) Chrome/76.0.3809.132 Safari/537.36 [] {"uid":"7202c0b"}
[2019-11-26 00:27:45] UTN FRA LOGGER.INFO: ip = [] {"uid":"7202c0b"}
[2019-11-26 00:31:02] UTN FRA LOGGER.INFO: Datos  =Mozilla/5.0 (Windows NT 6.1; Win64; x64) AppleWebKit/537.36 (KHTML, like Gecko) Chrome/76.0.3809.132 Safari/537.36 [] {"uid":"3222bad"}
[2019-11-26 00:31:02] UTN FRA LOGGER.INFO: ip = [] {"uid":"3222bad"}
[2019-11-26 00:32:13] UTN FRA LOGGER.INFO: Datos  =Mozilla/5.0 (Windows NT 6.1; Win64; x64) AppleWebKit/537.36 (KHTML, like Gecko) Chrome/76.0.3809.132 Safari/537.36 [] {"uid":"16977af"}
[2019-11-26 00:32:13] UTN FRA LOGGER.INFO: ip = [] {"uid":"16977af"}
[2019-11-26 00:33:17] UTN FRA LOGGER.INFO: Datos  =Mozilla/5.0 (Windows NT 6.1; Win64; x64) AppleWebKit/537.36 (KHTML, like Gecko) Chrome/76.0.3809.132 Safari/537.36 [] {"uid":"ce9239e"}
[2019-11-26 00:33:17] UTN FRA LOGGER.INFO: ip = [] {"uid":"ce9239e"}
[2019-11-26 00:33:24] UTN FRA LOGGER.INFO: Datos  =Mozilla/5.0 (Windows NT 6.1; Win64; x64) AppleWebKit/537.36 (KHTML, like Gecko) Chrome/76.0.3809.132 Safari/537.36 [] {"uid":"3553a5e"}
[2019-11-26 00:33:24] UTN FRA LOGGER.INFO: ip = [] {"uid":"3553a5e"}
[2019-11-26 00:33:29] UTN FRA LOGGER.INFO: Datos  =Mozilla/5.0 (Windows NT 6.1; Win64; x64) AppleWebKit/537.36 (KHTML, like Gecko) Chrome/76.0.3809.132 Safari/537.36 [] {"uid":"a91b63e"}
[2019-11-26 00:33:29] UTN FRA LOGGER.INFO: ip = [] {"uid":"a91b63e"}
[2019-11-26 00:33:44] UTN FRA LOGGER.INFO: Datos  =Mozilla/5.0 (Windows NT 6.1; Win64; x64) AppleWebKit/537.36 (KHTML, like Gecko) Chrome/76.0.3809.132 Safari/537.36 [] {"uid":"c7ed5a1"}
[2019-11-26 00:33:44] UTN FRA LOGGER.INFO: ip = [] {"uid":"c7ed5a1"}
[2019-11-26 00:34:10] UTN FRA LOGGER.INFO: Datos  =Mozilla/5.0 (Windows NT 6.1; Win64; x64) AppleWebKit/537.36 (KHTML, like Gecko) Chrome/76.0.3809.132 Safari/537.36 [] {"uid":"b15c0c3"}
[2019-11-26 00:34:10] UTN FRA LOGGER.INFO: ip = [] {"uid":"b15c0c3"}
[2019-11-26 00:34:56] UTN FRA LOGGER.INFO: Datos  =Mozilla/5.0 (Windows NT 6.1; Win64; x64) AppleWebKit/537.36 (KHTML, like Gecko) Chrome/76.0.3809.132 Safari/537.36 [] {"uid":"599a8e7"}
[2019-11-26 00:34:56] UTN FRA LOGGER.INFO: ip = [] {"uid":"599a8e7"}
[2019-11-26 00:35:50] UTN FRA LOGGER.INFO: Datos  =Mozilla/5.0 (Windows NT 6.1; Win64; x64) AppleWebKit/537.36 (KHTML, like Gecko) Chrome/76.0.3809.132 Safari/537.36 [] {"uid":"6ffaf52"}
[2019-11-26 00:35:50] UTN FRA LOGGER.INFO: ip = [] {"uid":"6ffaf52"}
[2019-11-26 00:36:03] UTN FRA LOGGER.INFO: Datos  =Mozilla/5.0 (Windows NT 6.1; Win64; x64) AppleWebKit/537.36 (KHTML, like Gecko) Chrome/76.0.3809.132 Safari/537.36 [] {"uid":"0502675"}
[2019-11-26 00:36:03] UTN FRA LOGGER.INFO: ip = [] {"uid":"0502675"}
[2019-11-26 00:36:10] UTN FRA LOGGER.INFO: Datos  =Mozilla/5.0 (Windows NT 6.1; Win64; x64) AppleWebKit/537.36 (KHTML, like Gecko) Chrome/76.0.3809.132 Safari/537.36 [] {"uid":"349377b"}
[2019-11-26 00:36:10] UTN FRA LOGGER.INFO: ip = [] {"uid":"349377b"}
[2019-11-26 00:36:11] UTN FRA LOGGER.INFO: Datos  =Mozilla/5.0 (Windows NT 6.1; Win64; x64) AppleWebKit/537.36 (KHTML, like Gecko) Chrome/76.0.3809.132 Safari/537.36 [] {"uid":"3f8ddc8"}
[2019-11-26 00:36:11] UTN FRA LOGGER.INFO: ip = [] {"uid":"3f8ddc8"}
[2019-11-26 00:36:15] UTN FRA LOGGER.INFO: Datos  =Mozilla/5.0 (Windows NT 6.1; Win64; x64) AppleWebKit/537.36 (KHTML, like Gecko) Chrome/76.0.3809.132 Safari/537.36 [] {"uid":"9925136"}
[2019-11-26 00:36:15] UTN FRA LOGGER.INFO: ip = [] {"uid":"9925136"}
[2019-11-26 00:37:22] UTN FRA LOGGER.INFO: Datos  =Mozilla/5.0 (Windows NT 6.1; Win64; x64) AppleWebKit/537.36 (KHTML, like Gecko) Chrome/76.0.3809.132 Safari/537.36 [] {"uid":"dfc4309"}
[2019-11-26 00:37:22] UTN FRA LOGGER.INFO: ip = [] {"uid":"dfc4309"}
[2019-11-26 00:37:27] UTN FRA LOGGER.INFO: Datos  =Mozilla/5.0 (Windows NT 6.1; Win64; x64) AppleWebKit/537.36 (KHTML, like Gecko) Chrome/76.0.3809.132 Safari/537.36 [] {"uid":"768bbce"}
[2019-11-26 00:37:27] UTN FRA LOGGER.INFO: ip = [] {"uid":"768bbce"}
[2019-11-26 00:37:42] UTN FRA LOGGER.INFO: Datos  =Mozilla/5.0 (Windows NT 6.1; Win64; x64) AppleWebKit/537.36 (KHTML, like Gecko) Chrome/76.0.3809.132 Safari/537.36 [] {"uid":"88dc74a"}
[2019-11-26 00:37:42] UTN FRA LOGGER.INFO: ip = [] {"uid":"88dc74a"}
[2019-11-26 00:37:51] UTN FRA LOGGER.INFO: Datos  =Mozilla/5.0 (Windows NT 6.1; Win64; x64) AppleWebKit/537.36 (KHTML, like Gecko) Chrome/76.0.3809.132 Safari/537.36 [] {"uid":"b54d7da"}
[2019-11-26 00:37:51] UTN FRA LOGGER.INFO: ip = [] {"uid":"b54d7da"}
[2019-11-26 00:37:58] UTN FRA LOGGER.INFO: Datos  =Mozilla/5.0 (Windows NT 6.1; Win64; x64) AppleWebKit/537.36 (KHTML, like Gecko) Chrome/76.0.3809.132 Safari/537.36 [] {"uid":"017939d"}
[2019-11-26 00:37:58] UTN FRA LOGGER.INFO: ip = [] {"uid":"017939d"}
[2019-11-26 00:39:47] UTN FRA LOGGER.INFO: Datos  =Mozilla/5.0 (Windows NT 6.1; Win64; x64) AppleWebKit/537.36 (KHTML, like Gecko) Chrome/76.0.3809.132 Safari/537.36 [] {"uid":"22e48fd"}
[2019-11-26 00:39:47] UTN FRA LOGGER.INFO: ip = [] {"uid":"22e48fd"}
[2019-11-26 00:40:52] UTN FRA LOGGER.INFO: Datos  =Mozilla/5.0 (Windows NT 6.1; Win64; x64) AppleWebKit/537.36 (KHTML, like Gecko) Chrome/76.0.3809.132 Safari/537.36 [] {"uid":"b3d163c"}
[2019-11-26 00:40:52] UTN FRA LOGGER.INFO: ip = [] {"uid":"b3d163c"}
[2019-11-26 00:40:55] UTN FRA LOGGER.INFO: Datos  =Mozilla/5.0 (Windows NT 6.1; Win64; x64) AppleWebKit/537.36 (KHTML, like Gecko) Chrome/76.0.3809.132 Safari/537.36 [] {"uid":"d61863a"}
[2019-11-26 00:40:55] UTN FRA LOGGER.INFO: ip = [] {"uid":"d61863a"}
[2019-11-26 00:41:17] UTN FRA LOGGER.INFO: Datos  =Mozilla/5.0 (Windows NT 6.1; Win64; x64) AppleWebKit/537.36 (KHTML, like Gecko) Chrome/76.0.3809.132 Safari/537.36 [] {"uid":"a19c0fa"}
[2019-11-26 00:41:17] UTN FRA LOGGER.INFO: ip = [] {"uid":"a19c0fa"}
[2019-11-26 00:41:41] UTN FRA LOGGER.INFO: Datos  =Mozilla/5.0 (Windows NT 6.1; Win64; x64) AppleWebKit/537.36 (KHTML, like Gecko) Chrome/76.0.3809.132 Safari/537.36 [] {"uid":"9ee0e64"}
[2019-11-26 00:41:41] UTN FRA LOGGER.INFO: ip = [] {"uid":"9ee0e64"}
[2019-11-26 00:42:11] UTN FRA LOGGER.INFO: Datos  =Mozilla/5.0 (Windows NT 6.1; Win64; x64) AppleWebKit/537.36 (KHTML, like Gecko) Chrome/76.0.3809.132 Safari/537.36 [] {"uid":"780c74f"}
[2019-11-26 00:42:11] UTN FRA LOGGER.INFO: ip = [] {"uid":"780c74f"}
[2019-11-26 00:42:17] UTN FRA LOGGER.INFO: Datos  =Mozilla/5.0 (Windows NT 6.1; Win64; x64) AppleWebKit/537.36 (KHTML, like Gecko) Chrome/76.0.3809.132 Safari/537.36 [] {"uid":"1ec47f9"}
[2019-11-26 00:42:17] UTN FRA LOGGER.INFO: ip = [] {"uid":"1ec47f9"}
[2019-11-26 00:42:21] UTN FRA LOGGER.INFO: Datos  =Mozilla/5.0 (Windows NT 6.1; Win64; x64) AppleWebKit/537.36 (KHTML, like Gecko) Chrome/76.0.3809.132 Safari/537.36 [] {"uid":"7a58ae3"}
[2019-11-26 00:42:21] UTN FRA LOGGER.INFO: ip = [] {"uid":"7a58ae3"}
[2019-11-26 00:48:27] UTN FRA LOGGER.INFO: Datos  =Mozilla/5.0 (Windows NT 6.1; Win64; x64) AppleWebKit/537.36 (KHTML, like Gecko) Chrome/76.0.3809.132 Safari/537.36 [] {"uid":"8b37612"}
[2019-11-26 00:48:27] UTN FRA LOGGER.INFO: ip = [] {"uid":"8b37612"}
[2019-11-26 00:48:33] UTN FRA LOGGER.INFO: Datos  =Mozilla/5.0 (Windows NT 6.1; Win64; x64) AppleWebKit/537.36 (KHTML, like Gecko) Chrome/76.0.3809.132 Safari/537.36 [] {"uid":"9c8fdcd"}
[2019-11-26 00:48:33] UTN FRA LOGGER.INFO: ip = [] {"uid":"9c8fdcd"}
[2019-11-26 00:48:52] UTN FRA LOGGER.INFO: Datos  =Mozilla/5.0 (Windows NT 6.1; Win64; x64) AppleWebKit/537.36 (KHTML, like Gecko) Chrome/76.0.3809.132 Safari/537.36 [] {"uid":"e9db4b0"}
[2019-11-26 00:48:52] UTN FRA LOGGER.INFO: ip = [] {"uid":"e9db4b0"}
[2019-11-26 00:49:33] UTN FRA LOGGER.INFO: Datos  =Mozilla/5.0 (Windows NT 6.1; Win64; x64) AppleWebKit/537.36 (KHTML, like Gecko) Chrome/76.0.3809.132 Safari/537.36 [] {"uid":"62a5bef"}
[2019-11-26 00:49:33] UTN FRA LOGGER.INFO: ip = [] {"uid":"62a5bef"}
[2019-11-26 00:49:37] UTN FRA LOGGER.INFO: Datos  =Mozilla/5.0 (Windows NT 6.1; Win64; x64) AppleWebKit/537.36 (KHTML, like Gecko) Chrome/76.0.3809.132 Safari/537.36 [] {"uid":"002af52"}
[2019-11-26 00:49:37] UTN FRA LOGGER.INFO: ip = [] {"uid":"002af52"}
[2019-11-26 00:49:44] UTN FRA LOGGER.INFO: Datos  =Mozilla/5.0 (Windows NT 6.1; Win64; x64) AppleWebKit/537.36 (KHTML, like Gecko) Chrome/76.0.3809.132 Safari/537.36 [] {"uid":"1576ab0"}
[2019-11-26 00:49:44] UTN FRA LOGGER.INFO: ip = [] {"uid":"1576ab0"}
[2019-11-26 00:51:23] UTN FRA LOGGER.INFO: Datos  =Mozilla/5.0 (Windows NT 6.1; Win64; x64) AppleWebKit/537.36 (KHTML, like Gecko) Chrome/76.0.3809.132 Safari/537.36 [] {"uid":"cc78ee2"}
[2019-11-26 00:51:23] UTN FRA LOGGER.INFO: ip = [] {"uid":"cc78ee2"}
[2019-12-08 19:35:16] UTN FRA LOGGER.INFO: Datos  =Mozilla/5.0 (Windows NT 10.0; Win64; x64) AppleWebKit/537.36 (KHTML, like Gecko) Chrome/78.0.3904.108 Safari/537.36 [] {"uid":"e6aadff"}
[2019-12-08 19:35:16] UTN FRA LOGGER.INFO: ip = [] {"uid":"e6aadff"}
[2019-12-08 20:04:55] UTN FRA LOGGER.INFO: Datos  =Mozilla/5.0 (Windows NT 10.0; Win64; x64) AppleWebKit/537.36 (KHTML, like Gecko) Chrome/78.0.3904.108 Safari/537.36 [] {"uid":"e1260f0"}
[2019-12-08 20:04:55] UTN FRA LOGGER.INFO: ip = [] {"uid":"e1260f0"}
[2019-12-08 20:04:56] UTN FRA LOGGER.INFO: Datos  =Mozilla/5.0 (Windows NT 10.0; Win64; x64) AppleWebKit/537.36 (KHTML, like Gecko) Chrome/78.0.3904.108 Safari/537.36 [] {"uid":"2e12b1b"}
[2019-12-08 20:04:56] UTN FRA LOGGER.INFO: ip = [] {"uid":"2e12b1b"}
[2019-12-08 20:05:32] UTN FRA LOGGER.INFO: Datos  =Mozilla/5.0 (Windows NT 10.0; Win64; x64) AppleWebKit/537.36 (KHTML, like Gecko) Chrome/78.0.3904.108 Safari/537.36 [] {"uid":"ae5b993"}
[2019-12-08 20:05:32] UTN FRA LOGGER.INFO: ip = [] {"uid":"ae5b993"}
[2019-12-08 20:26:40] UTN FRA LOGGER.INFO: Datos  =Mozilla/5.0 (Windows NT 10.0; Win64; x64) AppleWebKit/537.36 (KHTML, like Gecko) Chrome/78.0.3904.108 Safari/537.36 [] {"uid":"7f13f51"}
[2019-12-08 20:26:40] UTN FRA LOGGER.INFO: ip = [] {"uid":"7f13f51"}
[2019-12-08 20:27:43] UTN FRA LOGGER.INFO: Datos  =Mozilla/5.0 (Windows NT 10.0; Win64; x64) AppleWebKit/537.36 (KHTML, like Gecko) Chrome/78.0.3904.108 Safari/537.36 [] {"uid":"cbdde1a"}
[2019-12-08 20:27:43] UTN FRA LOGGER.INFO: ip = [] {"uid":"cbdde1a"}
[2019-12-08 21:00:19] UTN FRA LOGGER.INFO: Datos  =Mozilla/5.0 (Windows NT 10.0; Win64; x64) AppleWebKit/537.36 (KHTML, like Gecko) Chrome/78.0.3904.108 Safari/537.36 [] {"uid":"c0bc33e"}
[2019-12-08 21:00:19] UTN FRA LOGGER.INFO: ip = [] {"uid":"c0bc33e"}
[2019-12-08 21:00:26] UTN FRA LOGGER.INFO: Datos  =Mozilla/5.0 (Windows NT 10.0; Win64; x64) AppleWebKit/537.36 (KHTML, like Gecko) Chrome/78.0.3904.108 Safari/537.36 [] {"uid":"6a564a3"}
[2019-12-08 21:00:26] UTN FRA LOGGER.INFO: ip = [] {"uid":"6a564a3"}
[2019-12-08 21:00:35] UTN FRA LOGGER.INFO: Datos  =Mozilla/5.0 (Windows NT 10.0; Win64; x64) AppleWebKit/537.36 (KHTML, like Gecko) Chrome/78.0.3904.108 Safari/537.36 [] {"uid":"f846fbd"}
[2019-12-08 21:00:35] UTN FRA LOGGER.INFO: ip = [] {"uid":"f846fbd"}
[2019-12-09 20:24:42] UTN FRA LOGGER.INFO: Datos  =Mozilla/5.0 (Windows NT 10.0; Win64; x64) AppleWebKit/537.36 (KHTML, like Gecko) Chrome/78.0.3904.108 Safari/537.36 [] {"uid":"46b25b5"}
[2019-12-09 20:24:42] UTN FRA LOGGER.INFO: ip = [] {"uid":"46b25b5"}
[2019-12-09 20:24:48] UTN FRA LOGGER.INFO: Datos  =Mozilla/5.0 (Windows NT 10.0; Win64; x64) AppleWebKit/537.36 (KHTML, like Gecko) Chrome/78.0.3904.108 Safari/537.36 [] {"uid":"b922178"}
[2019-12-09 20:24:48] UTN FRA LOGGER.INFO: ip = [] {"uid":"b922178"}
[2019-12-10 14:17:16] UTN FRA LOGGER.INFO: Datos  =Mozilla/5.0 (Windows NT 10.0; Win64; x64) AppleWebKit/537.36 (KHTML, like Gecko) Chrome/78.0.3904.108 Safari/537.36 [] {"uid":"593e8f3"}
[2019-12-10 14:17:16] UTN FRA LOGGER.INFO: ip = [] {"uid":"593e8f3"}
[2019-12-10 14:19:00] UTN FRA LOGGER.INFO: Datos  =Mozilla/5.0 (Windows NT 10.0; Win64; x64) AppleWebKit/537.36 (KHTML, like Gecko) Chrome/78.0.3904.108 Safari/537.36 [] {"uid":"2805b96"}
[2019-12-10 14:19:00] UTN FRA LOGGER.INFO: ip = [] {"uid":"2805b96"}
[2019-12-10 14:19:12] UTN FRA LOGGER.INFO: Datos  =Mozilla/5.0 (Windows NT 10.0; Win64; x64) AppleWebKit/537.36 (KHTML, like Gecko) Chrome/78.0.3904.108 Safari/537.36 [] {"uid":"187d54f"}
[2019-12-10 14:19:12] UTN FRA LOGGER.INFO: ip = [] {"uid":"187d54f"}
[2019-12-10 14:19:34] UTN FRA LOGGER.INFO: Datos  =Mozilla/5.0 (Windows NT 10.0; Win64; x64) AppleWebKit/537.36 (KHTML, like Gecko) Chrome/78.0.3904.108 Safari/537.36 [] {"uid":"3ef7e17"}
[2019-12-10 14:19:34] UTN FRA LOGGER.INFO: ip = [] {"uid":"3ef7e17"}
[2019-12-10 14:19:49] UTN FRA LOGGER.INFO: Datos  =Mozilla/5.0 (Windows NT 10.0; Win64; x64) AppleWebKit/537.36 (KHTML, like Gecko) Chrome/78.0.3904.108 Safari/537.36 [] {"uid":"41f1418"}
[2019-12-10 14:19:49] UTN FRA LOGGER.INFO: ip = [] {"uid":"41f1418"}
[2019-12-10 14:20:47] UTN FRA LOGGER.INFO: Datos  =Mozilla/5.0 (Windows NT 10.0; Win64; x64) AppleWebKit/537.36 (KHTML, like Gecko) Chrome/78.0.3904.108 Safari/537.36 [] {"uid":"d09ac1f"}
[2019-12-10 14:20:47] UTN FRA LOGGER.INFO: ip = [] {"uid":"d09ac1f"}
[2019-12-10 14:30:27] UTN FRA LOGGER.INFO: Datos  =Mozilla/5.0 (Windows NT 10.0; Win64; x64) AppleWebKit/537.36 (KHTML, like Gecko) Chrome/78.0.3904.108 Safari/537.36 [] {"uid":"ce31e8a"}
[2019-12-10 14:30:27] UTN FRA LOGGER.INFO: ip = [] {"uid":"ce31e8a"}
[2019-12-10 14:30:33] UTN FRA LOGGER.INFO: Datos  =Mozilla/5.0 (Windows NT 10.0; Win64; x64) AppleWebKit/537.36 (KHTML, like Gecko) Chrome/78.0.3904.108 Safari/537.36 [] {"uid":"347041d"}
[2019-12-10 14:30:33] UTN FRA LOGGER.INFO: ip = [] {"uid":"347041d"}
[2019-12-10 15:12:14] UTN FRA LOGGER.INFO: Datos  =Mozilla/5.0 (Windows NT 10.0; Win64; x64) AppleWebKit/537.36 (KHTML, like Gecko) Chrome/78.0.3904.108 Safari/537.36 [] {"uid":"0cdc51e"}
[2019-12-10 15:12:14] UTN FRA LOGGER.INFO: ip = [] {"uid":"0cdc51e"}
[2019-12-10 15:12:24] UTN FRA LOGGER.INFO: Datos  =Mozilla/5.0 (Windows NT 10.0; Win64; x64) AppleWebKit/537.36 (KHTML, like Gecko) Chrome/78.0.3904.108 Safari/537.36 [] {"uid":"36ad546"}
[2019-12-10 15:12:24] UTN FRA LOGGER.INFO: ip = [] {"uid":"36ad546"}
[2019-12-10 15:40:53] UTN FRA LOGGER.INFO: Datos  =Mozilla/5.0 (Windows NT 10.0; Win64; x64) AppleWebKit/537.36 (KHTML, like Gecko) Chrome/78.0.3904.108 Safari/537.36 [] {"uid":"b8a2241"}
[2019-12-10 15:40:53] UTN FRA LOGGER.INFO: ip = [] {"uid":"b8a2241"}
[2019-12-10 15:45:29] UTN FRA LOGGER.INFO: Datos  =Mozilla/5.0 (Windows NT 10.0; Win64; x64) AppleWebKit/537.36 (KHTML, like Gecko) Chrome/78.0.3904.108 Safari/537.36 [] {"uid":"df1ae8a"}
[2019-12-10 15:45:29] UTN FRA LOGGER.INFO: ip = [] {"uid":"df1ae8a"}
[2019-12-10 15:45:38] UTN FRA LOGGER.INFO: Datos  =Mozilla/5.0 (Windows NT 10.0; Win64; x64) AppleWebKit/537.36 (KHTML, like Gecko) Chrome/78.0.3904.108 Safari/537.36 [] {"uid":"827f9b3"}
[2019-12-10 15:45:38] UTN FRA LOGGER.INFO: ip = [] {"uid":"827f9b3"}
[2019-12-10 15:47:06] UTN FRA LOGGER.INFO: Datos  =Mozilla/5.0 (Windows NT 10.0; Win64; x64) AppleWebKit/537.36 (KHTML, like Gecko) Chrome/78.0.3904.108 Safari/537.36 [] {"uid":"769b5b5"}
[2019-12-10 15:47:06] UTN FRA LOGGER.INFO: ip = [] {"uid":"769b5b5"}
[2019-12-10 15:47:28] UTN FRA LOGGER.INFO: Datos  =Mozilla/5.0 (Windows NT 10.0; Win64; x64) AppleWebKit/537.36 (KHTML, like Gecko) Chrome/78.0.3904.108 Safari/537.36 [] {"uid":"298d195"}
[2019-12-10 15:47:28] UTN FRA LOGGER.INFO: ip = [] {"uid":"298d195"}
[2019-12-10 15:48:24] UTN FRA LOGGER.INFO: Datos  =Mozilla/5.0 (Windows NT 10.0; Win64; x64) AppleWebKit/537.36 (KHTML, like Gecko) Chrome/78.0.3904.108 Safari/537.36 [] {"uid":"e5e12c4"}
[2019-12-10 15:48:24] UTN FRA LOGGER.INFO: ip = [] {"uid":"e5e12c4"}
[2019-12-10 15:49:02] UTN FRA LOGGER.INFO: Datos  =Mozilla/5.0 (Windows NT 10.0; Win64; x64) AppleWebKit/537.36 (KHTML, like Gecko) Chrome/78.0.3904.108 Safari/537.36 [] {"uid":"6e61246"}
[2019-12-10 15:49:02] UTN FRA LOGGER.INFO: ip = [] {"uid":"6e61246"}
[2019-12-10 15:49:23] UTN FRA LOGGER.INFO: Datos  =Mozilla/5.0 (Windows NT 10.0; Win64; x64) AppleWebKit/537.36 (KHTML, like Gecko) Chrome/78.0.3904.108 Safari/537.36 [] {"uid":"62b24ac"}
[2019-12-10 15:49:23] UTN FRA LOGGER.INFO: ip = [] {"uid":"62b24ac"}
[2019-12-10 15:52:55] UTN FRA LOGGER.INFO: Datos  =Mozilla/5.0 (Windows NT 10.0; Win64; x64) AppleWebKit/537.36 (KHTML, like Gecko) Chrome/78.0.3904.108 Safari/537.36 [] {"uid":"8df1391"}
[2019-12-10 15:52:55] UTN FRA LOGGER.INFO: ip = [] {"uid":"8df1391"}
[2019-12-10 15:53:06] UTN FRA LOGGER.INFO: Datos  =Mozilla/5.0 (Windows NT 10.0; Win64; x64) AppleWebKit/537.36 (KHTML, like Gecko) Chrome/78.0.3904.108 Safari/537.36 [] {"uid":"860a083"}
[2019-12-10 15:53:06] UTN FRA LOGGER.INFO: ip = [] {"uid":"860a083"}
[2019-12-10 15:54:27] UTN FRA LOGGER.INFO: Datos  =Mozilla/5.0 (Windows NT 10.0; Win64; x64) AppleWebKit/537.36 (KHTML, like Gecko) Chrome/78.0.3904.108 Safari/537.36 [] {"uid":"017c5ea"}
[2019-12-10 15:54:27] UTN FRA LOGGER.INFO: ip = [] {"uid":"017c5ea"}
[2019-12-10 16:04:01] UTN FRA LOGGER.INFO: Datos  =Mozilla/5.0 (Windows NT 10.0; Win64; x64) AppleWebKit/537.36 (KHTML, like Gecko) Chrome/78.0.3904.108 Safari/537.36 [] {"uid":"7742be7"}
[2019-12-10 16:04:01] UTN FRA LOGGER.INFO: ip = [] {"uid":"7742be7"}
[2019-12-10 16:05:01] UTN FRA LOGGER.INFO: Datos  =Mozilla/5.0 (Windows NT 10.0; Win64; x64) AppleWebKit/537.36 (KHTML, like Gecko) Chrome/78.0.3904.108 Safari/537.36 [] {"uid":"26a25ae"}
[2019-12-10 16:05:01] UTN FRA LOGGER.INFO: ip = [] {"uid":"26a25ae"}
[2019-12-10 16:05:02] UTN FRA LOGGER.INFO: Datos  =Mozilla/5.0 (Windows NT 10.0; Win64; x64) AppleWebKit/537.36 (KHTML, like Gecko) Chrome/78.0.3904.108 Safari/537.36 [] {"uid":"7c34898"}
[2019-12-10 16:05:02] UTN FRA LOGGER.INFO: ip = [] {"uid":"7c34898"}
[2019-12-10 16:06:15] UTN FRA LOGGER.INFO: Datos  =Mozilla/5.0 (Windows NT 10.0; Win64; x64) AppleWebKit/537.36 (KHTML, like Gecko) Chrome/78.0.3904.108 Safari/537.36 [] {"uid":"5274e6a"}
[2019-12-10 16:06:15] UTN FRA LOGGER.INFO: ip = [] {"uid":"5274e6a"}
[2019-12-10 16:07:58] UTN FRA LOGGER.INFO: Datos  =Mozilla/5.0 (Windows NT 10.0; Win64; x64) AppleWebKit/537.36 (KHTML, like Gecko) Chrome/78.0.3904.108 Safari/537.36 [] {"uid":"c34ffd4"}
[2019-12-10 16:07:58] UTN FRA LOGGER.INFO: ip = [] {"uid":"c34ffd4"}
[2019-12-10 16:08:14] UTN FRA LOGGER.INFO: Datos  =Mozilla/5.0 (Windows NT 10.0; Win64; x64) AppleWebKit/537.36 (KHTML, like Gecko) Chrome/78.0.3904.108 Safari/537.36 [] {"uid":"4b4d781"}
[2019-12-10 16:08:14] UTN FRA LOGGER.INFO: ip = [] {"uid":"4b4d781"}
[2019-12-10 16:38:53] UTN FRA LOGGER.INFO: Datos  =Mozilla/5.0 (Windows NT 10.0; Win64; x64) AppleWebKit/537.36 (KHTML, like Gecko) Chrome/78.0.3904.108 Safari/537.36 [] {"uid":"c8cc908"}
[2019-12-10 16:38:53] UTN FRA LOGGER.INFO: ip = [] {"uid":"c8cc908"}
[2019-12-10 16:41:03] UTN FRA LOGGER.INFO: Datos  =Mozilla/5.0 (Windows NT 10.0; Win64; x64) AppleWebKit/537.36 (KHTML, like Gecko) Chrome/78.0.3904.108 Safari/537.36 [] {"uid":"c1f7d47"}
[2019-12-10 16:41:03] UTN FRA LOGGER.INFO: ip = [] {"uid":"c1f7d47"}
[2019-12-10 16:43:12] UTN FRA LOGGER.INFO: Datos  =Mozilla/5.0 (Windows NT 10.0; Win64; x64) AppleWebKit/537.36 (KHTML, like Gecko) Chrome/78.0.3904.108 Safari/537.36 [] {"uid":"954493f"}
[2019-12-10 16:43:12] UTN FRA LOGGER.INFO: ip = [] {"uid":"954493f"}
[2019-12-10 16:43:53] UTN FRA LOGGER.INFO: Datos  =Mozilla/5.0 (Windows NT 10.0; Win64; x64) AppleWebKit/537.36 (KHTML, like Gecko) Chrome/78.0.3904.108 Safari/537.36 [] {"uid":"d6ca60f"}
[2019-12-10 16:43:53] UTN FRA LOGGER.INFO: ip = [] {"uid":"d6ca60f"}
[2019-12-10 16:45:24] UTN FRA LOGGER.INFO: Datos  =Mozilla/5.0 (Windows NT 10.0; Win64; x64) AppleWebKit/537.36 (KHTML, like Gecko) Chrome/78.0.3904.108 Safari/537.36 [] {"uid":"28bbf6b"}
[2019-12-10 16:45:24] UTN FRA LOGGER.INFO: ip = [] {"uid":"28bbf6b"}
[2019-12-10 16:46:03] UTN FRA LOGGER.INFO: Datos  =Mozilla/5.0 (Windows NT 10.0; Win64; x64) AppleWebKit/537.36 (KHTML, like Gecko) Chrome/78.0.3904.108 Safari/537.36 [] {"uid":"f9bee07"}
[2019-12-10 16:46:03] UTN FRA LOGGER.INFO: ip = [] {"uid":"f9bee07"}
[2019-12-10 16:46:44] UTN FRA LOGGER.INFO: Datos  =Mozilla/5.0 (Windows NT 10.0; Win64; x64) AppleWebKit/537.36 (KHTML, like Gecko) Chrome/78.0.3904.108 Safari/537.36 [] {"uid":"0a72649"}
[2019-12-10 16:46:44] UTN FRA LOGGER.INFO: ip = [] {"uid":"0a72649"}
[2019-12-10 16:47:08] UTN FRA LOGGER.INFO: Datos  =Mozilla/5.0 (Windows NT 10.0; Win64; x64) AppleWebKit/537.36 (KHTML, like Gecko) Chrome/78.0.3904.108 Safari/537.36 [] {"uid":"15998c6"}
[2019-12-10 16:47:08] UTN FRA LOGGER.INFO: ip = [] {"uid":"15998c6"}
[2019-12-10 16:53:50] UTN FRA LOGGER.INFO: Datos  =Mozilla/5.0 (Windows NT 10.0; Win64; x64) AppleWebKit/537.36 (KHTML, like Gecko) Chrome/78.0.3904.108 Safari/537.36 [] {"uid":"2a5911d"}
[2019-12-10 16:53:50] UTN FRA LOGGER.INFO: ip = [] {"uid":"2a5911d"}
[2019-12-10 16:54:09] UTN FRA LOGGER.INFO: Datos  =Mozilla/5.0 (Windows NT 10.0; Win64; x64) AppleWebKit/537.36 (KHTML, like Gecko) Chrome/78.0.3904.108 Safari/537.36 [] {"uid":"62588ef"}
[2019-12-10 16:54:09] UTN FRA LOGGER.INFO: ip = [] {"uid":"62588ef"}
[2019-12-10 16:54:22] UTN FRA LOGGER.INFO: Datos  =Mozilla/5.0 (Windows NT 10.0; Win64; x64) AppleWebKit/537.36 (KHTML, like Gecko) Chrome/78.0.3904.108 Safari/537.36 [] {"uid":"9b5d700"}
[2019-12-10 16:54:22] UTN FRA LOGGER.INFO: ip = [] {"uid":"9b5d700"}
[2019-12-10 16:54:33] UTN FRA LOGGER.INFO: Datos  =Mozilla/5.0 (Windows NT 10.0; Win64; x64) AppleWebKit/537.36 (KHTML, like Gecko) Chrome/78.0.3904.108 Safari/537.36 [] {"uid":"a195971"}
[2019-12-10 16:54:33] UTN FRA LOGGER.INFO: ip = [] {"uid":"a195971"}
[2019-12-10 17:48:54] UTN FRA LOGGER.INFO: Datos  =Mozilla/5.0 (Windows NT 10.0; Win64; x64) AppleWebKit/537.36 (KHTML, like Gecko) Chrome/78.0.3904.108 Safari/537.36 [] {"uid":"5318daf"}
[2019-12-10 17:48:54] UTN FRA LOGGER.INFO: ip = [] {"uid":"5318daf"}
[2019-12-10 18:07:39] UTN FRA LOGGER.INFO: Datos  =Mozilla/5.0 (Windows NT 10.0; Win64; x64) AppleWebKit/537.36 (KHTML, like Gecko) Chrome/78.0.3904.108 Safari/537.36 [] {"uid":"a77c22e"}
[2019-12-10 18:07:39] UTN FRA LOGGER.INFO: ip = [] {"uid":"a77c22e"}
[2019-12-10 18:07:44] UTN FRA LOGGER.INFO: Datos  =Mozilla/5.0 (Windows NT 10.0; Win64; x64) AppleWebKit/537.36 (KHTML, like Gecko) Chrome/78.0.3904.108 Safari/537.36 [] {"uid":"020776e"}
[2019-12-10 18:07:44] UTN FRA LOGGER.INFO: ip = [] {"uid":"020776e"}
[2019-12-10 18:08:02] UTN FRA LOGGER.INFO: Datos  =Mozilla/5.0 (Windows NT 10.0; Win64; x64) AppleWebKit/537.36 (KHTML, like Gecko) Chrome/78.0.3904.108 Safari/537.36 [] {"uid":"8ef6731"}
[2019-12-10 18:08:02] UTN FRA LOGGER.INFO: ip = [] {"uid":"8ef6731"}
[2019-12-10 18:08:10] UTN FRA LOGGER.INFO: Datos  =Mozilla/5.0 (Windows NT 10.0; Win64; x64) AppleWebKit/537.36 (KHTML, like Gecko) Chrome/78.0.3904.108 Safari/537.36 [] {"uid":"197903c"}
[2019-12-10 18:08:10] UTN FRA LOGGER.INFO: ip = [] {"uid":"197903c"}
[2019-12-10 18:08:49] UTN FRA LOGGER.INFO: Datos  =Mozilla/5.0 (Windows NT 10.0; Win64; x64) AppleWebKit/537.36 (KHTML, like Gecko) Chrome/78.0.3904.108 Safari/537.36 [] {"uid":"f93fe37"}
[2019-12-10 18:08:49] UTN FRA LOGGER.INFO: ip = [] {"uid":"f93fe37"}
[2019-12-10 18:09:35] UTN FRA LOGGER.INFO: Datos  =Mozilla/5.0 (Windows NT 10.0; Win64; x64) AppleWebKit/537.36 (KHTML, like Gecko) Chrome/78.0.3904.108 Safari/537.36 [] {"uid":"228ad9c"}
[2019-12-10 18:09:35] UTN FRA LOGGER.INFO: ip = [] {"uid":"228ad9c"}
[2019-12-10 18:09:45] UTN FRA LOGGER.INFO: Datos  =Mozilla/5.0 (Windows NT 10.0; Win64; x64) AppleWebKit/537.36 (KHTML, like Gecko) Chrome/78.0.3904.108 Safari/537.36 [] {"uid":"49b32fa"}
[2019-12-10 18:09:45] UTN FRA LOGGER.INFO: ip = [] {"uid":"49b32fa"}
[2019-12-10 18:10:17] UTN FRA LOGGER.INFO: Datos  =Mozilla/5.0 (Windows NT 10.0; Win64; x64) AppleWebKit/537.36 (KHTML, like Gecko) Chrome/78.0.3904.108 Safari/537.36 [] {"uid":"9d2282b"}
[2019-12-10 18:10:17] UTN FRA LOGGER.INFO: ip = [] {"uid":"9d2282b"}
[2019-12-10 18:10:35] UTN FRA LOGGER.INFO: Datos  =Mozilla/5.0 (Windows NT 10.0; Win64; x64) AppleWebKit/537.36 (KHTML, like Gecko) Chrome/78.0.3904.108 Safari/537.36 [] {"uid":"84b9f51"}
[2019-12-10 18:10:35] UTN FRA LOGGER.INFO: ip = [] {"uid":"84b9f51"}
[2019-12-10 18:10:46] UTN FRA LOGGER.INFO: Datos  =Mozilla/5.0 (Windows NT 10.0; Win64; x64) AppleWebKit/537.36 (KHTML, like Gecko) Chrome/78.0.3904.108 Safari/537.36 [] {"uid":"8422580"}
[2019-12-10 18:10:46] UTN FRA LOGGER.INFO: ip = [] {"uid":"8422580"}
[2019-12-10 18:10:55] UTN FRA LOGGER.INFO: Datos  =Mozilla/5.0 (Windows NT 10.0; Win64; x64) AppleWebKit/537.36 (KHTML, like Gecko) Chrome/78.0.3904.108 Safari/537.36 [] {"uid":"b2832b3"}
[2019-12-10 18:10:55] UTN FRA LOGGER.INFO: ip = [] {"uid":"b2832b3"}
[2019-12-10 18:10:56] UTN FRA LOGGER.INFO: Datos  =Mozilla/5.0 (Windows NT 10.0; Win64; x64) AppleWebKit/537.36 (KHTML, like Gecko) Chrome/78.0.3904.108 Safari/537.36 [] {"uid":"5ca2af8"}
[2019-12-10 18:10:56] UTN FRA LOGGER.INFO: ip = [] {"uid":"5ca2af8"}
[2019-12-10 18:11:37] UTN FRA LOGGER.INFO: Datos  =Mozilla/5.0 (Windows NT 10.0; Win64; x64) AppleWebKit/537.36 (KHTML, like Gecko) Chrome/78.0.3904.108 Safari/537.36 [] {"uid":"26675f8"}
[2019-12-10 18:11:37] UTN FRA LOGGER.INFO: ip = [] {"uid":"26675f8"}
[2019-12-10 18:12:24] UTN FRA LOGGER.INFO: Datos  =Mozilla/5.0 (Windows NT 10.0; Win64; x64) AppleWebKit/537.36 (KHTML, like Gecko) Chrome/78.0.3904.108 Safari/537.36 [] {"uid":"7d5eb49"}
[2019-12-10 18:12:24] UTN FRA LOGGER.INFO: ip = [] {"uid":"7d5eb49"}
[2019-12-10 18:12:39] UTN FRA LOGGER.INFO: Datos  =Mozilla/5.0 (Windows NT 10.0; Win64; x64) AppleWebKit/537.36 (KHTML, like Gecko) Chrome/78.0.3904.108 Safari/537.36 [] {"uid":"7ad3207"}
[2019-12-10 18:12:39] UTN FRA LOGGER.INFO: ip = [] {"uid":"7ad3207"}
[2019-12-10 18:12:52] UTN FRA LOGGER.INFO: Datos  =Mozilla/5.0 (Windows NT 10.0; Win64; x64) AppleWebKit/537.36 (KHTML, like Gecko) Chrome/78.0.3904.108 Safari/537.36 [] {"uid":"6a2b3fe"}
[2019-12-10 18:12:52] UTN FRA LOGGER.INFO: ip = [] {"uid":"6a2b3fe"}
[2019-12-10 18:12:59] UTN FRA LOGGER.INFO: Datos  =Mozilla/5.0 (Windows NT 10.0; Win64; x64) AppleWebKit/537.36 (KHTML, like Gecko) Chrome/78.0.3904.108 Safari/537.36 [] {"uid":"492ae99"}
[2019-12-10 18:12:59] UTN FRA LOGGER.INFO: ip = [] {"uid":"492ae99"}
[2019-12-10 18:13:05] UTN FRA LOGGER.INFO: Datos  =Mozilla/5.0 (Windows NT 10.0; Win64; x64) AppleWebKit/537.36 (KHTML, like Gecko) Chrome/78.0.3904.108 Safari/537.36 [] {"uid":"ec5b0c5"}
[2019-12-10 18:13:05] UTN FRA LOGGER.INFO: ip = [] {"uid":"ec5b0c5"}
[2019-12-10 18:13:11] UTN FRA LOGGER.INFO: Datos  =Mozilla/5.0 (Windows NT 10.0; Win64; x64) AppleWebKit/537.36 (KHTML, like Gecko) Chrome/78.0.3904.108 Safari/537.36 [] {"uid":"48ac5e8"}
[2019-12-10 18:13:11] UTN FRA LOGGER.INFO: ip = [] {"uid":"48ac5e8"}
[2019-12-10 18:13:12] UTN FRA LOGGER.INFO: Datos  =Mozilla/5.0 (Windows NT 10.0; Win64; x64) AppleWebKit/537.36 (KHTML, like Gecko) Chrome/78.0.3904.108 Safari/537.36 [] {"uid":"46050f4"}
[2019-12-10 18:13:12] UTN FRA LOGGER.INFO: ip = [] {"uid":"46050f4"}
[2019-12-10 18:13:45] UTN FRA LOGGER.INFO: Datos  =Mozilla/5.0 (Windows NT 10.0; Win64; x64) AppleWebKit/537.36 (KHTML, like Gecko) Chrome/78.0.3904.108 Safari/537.36 [] {"uid":"6678715"}
[2019-12-10 18:13:45] UTN FRA LOGGER.INFO: ip = [] {"uid":"6678715"}
[2019-12-10 18:26:26] UTN FRA LOGGER.INFO: Datos  =Mozilla/5.0 (Windows NT 10.0; Win64; x64) AppleWebKit/537.36 (KHTML, like Gecko) Chrome/78.0.3904.108 Safari/537.36 [] {"uid":"1e3991b"}
[2019-12-10 18:26:26] UTN FRA LOGGER.INFO: ip = [] {"uid":"1e3991b"}
[2019-12-10 18:30:23] UTN FRA LOGGER.INFO: Datos  =Mozilla/5.0 (Windows NT 10.0; Win64; x64) AppleWebKit/537.36 (KHTML, like Gecko) Chrome/78.0.3904.108 Safari/537.36 [] {"uid":"d49085e"}
[2019-12-10 18:30:23] UTN FRA LOGGER.INFO: ip = [] {"uid":"d49085e"}
[2019-12-10 18:38:49] UTN FRA LOGGER.INFO: Datos  =Mozilla/5.0 (Windows NT 10.0; Win64; x64) AppleWebKit/537.36 (KHTML, like Gecko) Chrome/78.0.3904.108 Safari/537.36 [] {"uid":"295494b"}
[2019-12-10 18:38:49] UTN FRA LOGGER.INFO: ip = [] {"uid":"295494b"}
[2019-12-10 18:45:20] UTN FRA LOGGER.INFO: Datos  =Mozilla/5.0 (Windows NT 10.0; Win64; x64) AppleWebKit/537.36 (KHTML, like Gecko) Chrome/78.0.3904.108 Safari/537.36 [] {"uid":"96d3752"}
[2019-12-10 18:45:20] UTN FRA LOGGER.INFO: ip = [] {"uid":"96d3752"}
[2019-12-10 18:45:35] UTN FRA LOGGER.INFO: Datos  =Mozilla/5.0 (Windows NT 10.0; Win64; x64) AppleWebKit/537.36 (KHTML, like Gecko) Chrome/78.0.3904.108 Safari/537.36 [] {"uid":"285d515"}
[2019-12-10 18:45:35] UTN FRA LOGGER.INFO: ip = [] {"uid":"285d515"}
[2019-12-10 18:45:48] UTN FRA LOGGER.INFO: Datos  =Mozilla/5.0 (Windows NT 10.0; Win64; x64) AppleWebKit/537.36 (KHTML, like Gecko) Chrome/78.0.3904.108 Safari/537.36 [] {"uid":"c561742"}
[2019-12-10 18:45:48] UTN FRA LOGGER.INFO: ip = [] {"uid":"c561742"}
[2019-12-10 18:45:58] UTN FRA LOGGER.INFO: Datos  =Mozilla/5.0 (Windows NT 10.0; Win64; x64) AppleWebKit/537.36 (KHTML, like Gecko) Chrome/78.0.3904.108 Safari/537.36 [] {"uid":"98c73e6"}
[2019-12-10 18:45:58] UTN FRA LOGGER.INFO: ip = [] {"uid":"98c73e6"}
[2019-12-10 18:46:39] UTN FRA LOGGER.INFO: Datos  =Mozilla/5.0 (Windows NT 10.0; Win64; x64) AppleWebKit/537.36 (KHTML, like Gecko) Chrome/78.0.3904.108 Safari/537.36 [] {"uid":"6e04ba3"}
[2019-12-10 18:46:39] UTN FRA LOGGER.INFO: ip = [] {"uid":"6e04ba3"}
[2019-12-10 18:46:47] UTN FRA LOGGER.INFO: Datos  =Mozilla/5.0 (Windows NT 10.0; Win64; x64) AppleWebKit/537.36 (KHTML, like Gecko) Chrome/78.0.3904.108 Safari/537.36 [] {"uid":"54ac319"}
[2019-12-10 18:46:47] UTN FRA LOGGER.INFO: ip = [] {"uid":"54ac319"}
[2019-12-10 18:46:49] UTN FRA LOGGER.INFO: Datos  =Mozilla/5.0 (Windows NT 10.0; Win64; x64) AppleWebKit/537.36 (KHTML, like Gecko) Chrome/78.0.3904.108 Safari/537.36 [] {"uid":"f863c91"}
[2019-12-10 18:46:49] UTN FRA LOGGER.INFO: ip = [] {"uid":"f863c91"}
[2019-12-10 18:46:52] UTN FRA LOGGER.INFO: Datos  =Mozilla/5.0 (Windows NT 10.0; Win64; x64) AppleWebKit/537.36 (KHTML, like Gecko) Chrome/78.0.3904.108 Safari/537.36 [] {"uid":"1b8e045"}
[2019-12-10 18:46:52] UTN FRA LOGGER.INFO: ip = [] {"uid":"1b8e045"}
[2019-12-10 18:46:55] UTN FRA LOGGER.INFO: Datos  =Mozilla/5.0 (Windows NT 10.0; Win64; x64) AppleWebKit/537.36 (KHTML, like Gecko) Chrome/78.0.3904.108 Safari/537.36 [] {"uid":"7f32f33"}
[2019-12-10 18:46:55] UTN FRA LOGGER.INFO: ip = [] {"uid":"7f32f33"}
[2019-12-10 18:46:58] UTN FRA LOGGER.INFO: Datos  =Mozilla/5.0 (Windows NT 10.0; Win64; x64) AppleWebKit/537.36 (KHTML, like Gecko) Chrome/78.0.3904.108 Safari/537.36 [] {"uid":"7f36139"}
[2019-12-10 18:46:58] UTN FRA LOGGER.INFO: ip = [] {"uid":"7f36139"}
[2019-12-10 18:58:01] UTN FRA LOGGER.INFO: Datos  =Mozilla/5.0 (Windows NT 10.0; Win64; x64) AppleWebKit/537.36 (KHTML, like Gecko) Chrome/78.0.3904.108 Safari/537.36 [] {"uid":"c9d1ca3"}
[2019-12-10 18:58:01] UTN FRA LOGGER.INFO: ip = [] {"uid":"c9d1ca3"}
[2019-12-10 19:48:15] UTN FRA LOGGER.INFO: Datos  =Mozilla/5.0 (Windows NT 10.0; Win64; x64) AppleWebKit/537.36 (KHTML, like Gecko) Chrome/78.0.3904.108 Safari/537.36 [] {"uid":"410817e"}
[2019-12-10 19:48:15] UTN FRA LOGGER.INFO: ip = [] {"uid":"410817e"}
[2019-12-10 19:48:24] UTN FRA LOGGER.INFO: Datos  =Mozilla/5.0 (Windows NT 10.0; Win64; x64) AppleWebKit/537.36 (KHTML, like Gecko) Chrome/78.0.3904.108 Safari/537.36 [] {"uid":"0b1f0ae"}
[2019-12-10 19:48:24] UTN FRA LOGGER.INFO: ip = [] {"uid":"0b1f0ae"}
[2019-12-10 19:53:50] UTN FRA LOGGER.INFO: Datos  =Mozilla/5.0 (Windows NT 10.0; Win64; x64) AppleWebKit/537.36 (KHTML, like Gecko) Chrome/78.0.3904.108 Safari/537.36 [] {"uid":"3d059c7"}
[2019-12-10 19:53:50] UTN FRA LOGGER.INFO: ip = [] {"uid":"3d059c7"}
[2019-12-10 19:54:06] UTN FRA LOGGER.INFO: Datos  =Mozilla/5.0 (Windows NT 10.0; Win64; x64) AppleWebKit/537.36 (KHTML, like Gecko) Chrome/78.0.3904.108 Safari/537.36 [] {"uid":"ad984f6"}
[2019-12-10 19:54:06] UTN FRA LOGGER.INFO: ip = [] {"uid":"ad984f6"}
[2019-12-10 19:54:11] UTN FRA LOGGER.INFO: Datos  =Mozilla/5.0 (Windows NT 10.0; Win64; x64) AppleWebKit/537.36 (KHTML, like Gecko) Chrome/78.0.3904.108 Safari/537.36 [] {"uid":"c1ac8c8"}
[2019-12-10 19:54:11] UTN FRA LOGGER.INFO: ip = [] {"uid":"c1ac8c8"}
[2019-12-10 19:55:46] UTN FRA LOGGER.INFO: Datos  =Mozilla/5.0 (Windows NT 10.0; Win64; x64) AppleWebKit/537.36 (KHTML, like Gecko) Chrome/78.0.3904.108 Safari/537.36 [] {"uid":"f044415"}
[2019-12-10 19:55:46] UTN FRA LOGGER.INFO: ip = [] {"uid":"f044415"}
[2019-12-10 19:58:57] UTN FRA LOGGER.INFO: Datos  =Mozilla/5.0 (Windows NT 10.0; Win64; x64) AppleWebKit/537.36 (KHTML, like Gecko) Chrome/78.0.3904.108 Safari/537.36 [] {"uid":"444dca8"}
[2019-12-10 19:58:57] UTN FRA LOGGER.INFO: ip = [] {"uid":"444dca8"}
[2019-12-10 19:59:46] UTN FRA LOGGER.INFO: Datos  =Mozilla/5.0 (Windows NT 10.0; Win64; x64) AppleWebKit/537.36 (KHTML, like Gecko) Chrome/78.0.3904.108 Safari/537.36 [] {"uid":"51ae99e"}
[2019-12-10 19:59:46] UTN FRA LOGGER.INFO: ip = [] {"uid":"51ae99e"}
[2019-12-10 20:00:43] UTN FRA LOGGER.INFO: Datos  =Mozilla/5.0 (Windows NT 10.0; Win64; x64) AppleWebKit/537.36 (KHTML, like Gecko) Chrome/78.0.3904.108 Safari/537.36 [] {"uid":"94b620d"}
[2019-12-10 20:00:43] UTN FRA LOGGER.INFO: ip = [] {"uid":"94b620d"}
[2019-12-10 20:00:56] UTN FRA LOGGER.INFO: Datos  =Mozilla/5.0 (Windows NT 10.0; Win64; x64) AppleWebKit/537.36 (KHTML, like Gecko) Chrome/78.0.3904.108 Safari/537.36 [] {"uid":"e0717b0"}
[2019-12-10 20:00:56] UTN FRA LOGGER.INFO: ip = [] {"uid":"e0717b0"}
[2019-12-10 20:01:08] UTN FRA LOGGER.INFO: Datos  =Mozilla/5.0 (Windows NT 10.0; Win64; x64) AppleWebKit/537.36 (KHTML, like Gecko) Chrome/78.0.3904.108 Safari/537.36 [] {"uid":"d61f52f"}
[2019-12-10 20:01:08] UTN FRA LOGGER.INFO: ip = [] {"uid":"d61f52f"}
[2019-12-10 20:14:12] UTN FRA LOGGER.INFO: Datos  =Mozilla/5.0 (Windows NT 10.0; Win64; x64) AppleWebKit/537.36 (KHTML, like Gecko) Chrome/78.0.3904.108 Safari/537.36 [] {"uid":"cc6740d"}
[2019-12-10 20:14:12] UTN FRA LOGGER.INFO: ip = [] {"uid":"cc6740d"}
[2019-12-10 20:20:50] UTN FRA LOGGER.INFO: Datos  =Mozilla/5.0 (Windows NT 10.0; Win64; x64) AppleWebKit/537.36 (KHTML, like Gecko) Chrome/78.0.3904.108 Safari/537.36 [] {"uid":"d2892c2"}
[2019-12-10 20:20:50] UTN FRA LOGGER.INFO: ip = [] {"uid":"d2892c2"}
[2019-12-10 20:21:20] UTN FRA LOGGER.INFO: Datos  =Mozilla/5.0 (Windows NT 10.0; Win64; x64) AppleWebKit/537.36 (KHTML, like Gecko) Chrome/78.0.3904.108 Safari/537.36 [] {"uid":"bef2ac6"}
[2019-12-10 20:21:20] UTN FRA LOGGER.INFO: ip = [] {"uid":"bef2ac6"}
[2019-12-10 20:22:10] UTN FRA LOGGER.INFO: Datos  =Mozilla/5.0 (Windows NT 10.0; Win64; x64) AppleWebKit/537.36 (KHTML, like Gecko) Chrome/78.0.3904.108 Safari/537.36 [] {"uid":"41dc7f8"}
[2019-12-10 20:22:10] UTN FRA LOGGER.INFO: ip = [] {"uid":"41dc7f8"}
[2019-12-10 20:22:43] UTN FRA LOGGER.INFO: Datos  =Mozilla/5.0 (Windows NT 10.0; Win64; x64) AppleWebKit/537.36 (KHTML, like Gecko) Chrome/78.0.3904.108 Safari/537.36 [] {"uid":"0fbabcb"}
[2019-12-10 20:22:43] UTN FRA LOGGER.INFO: ip = [] {"uid":"0fbabcb"}
